[NX Daemon Server] - 2024-08-13T19:51:28.826Z - Started listening on: /var/folders/r4/chb3w8mj5tg_zmy00gzxcmqh0000gn/T/75111b95a788fb57cee8/d.sock
[NX Daemon Server] - 2024-08-13T19:51:28.828Z - [WATCHER]: Subscribed to changes within: /Users/emily/code/tmp/gradle-nx (native)
[NX Daemon Server] - 2024-08-13T19:51:28.837Z - Established a connection. Number of open connections: 1
[NX Daemon Server] - 2024-08-13T19:51:28.838Z - Established a connection. Number of open connections: 2
[NX Daemon Server] - 2024-08-13T19:51:28.839Z - Closed a connection. Number of open connections: 1
[NX Daemon Server] - 2024-08-13T19:51:28.839Z - [REQUEST]: Client Request for Project Graph Received
[NX Daemon Server] - 2024-08-13T19:51:28.858Z - [REQUEST]: Updated workspace context based on watched changes, recomputing project graph...
[NX Daemon Server] - 2024-08-13T19:51:28.858Z - [REQUEST]: 
[NX Daemon Server] - 2024-08-13T19:51:28.858Z - [REQUEST]: 
[NX Daemon Server] - 2024-08-13T19:51:28.864Z - Time taken for 'Load Nx Plugin: /Users/emily/code/tmp/gradle-nx/.nx/installation/node_modules/nx/src/plugins/project-json/build-nodes/package-json-next-to-project-json' 18.187208ms
[NX Daemon Server] - 2024-08-13T19:51:29.276Z - [WATCHER]: Processing file changes in outputs
[NX Daemon Server] - 2024-08-13T19:51:29.328Z - [WATCHER]: Processing file changes in outputs
[NX Daemon Server] - 2024-08-13T19:51:29.693Z - [REQUEST]: Responding to the client. project-graph
[NX Daemon Server] - 2024-08-13T19:51:29.693Z - Time taken for 'total for creating and serializing project graph' 853.325417ms
[NX Daemon Server] - 2024-08-13T19:51:29.693Z - Done responding to the client project-graph
[NX Daemon Server] - 2024-08-13T19:51:29.694Z - Handled REQUEST_PROJECT_GRAPH. Handling time: 853. Response time: 2.
[NX Daemon Server] - 2024-08-13T19:51:29.701Z - [REQUEST]: Client Request for Project Graph Received
[NX Daemon Server] - 2024-08-13T19:51:29.701Z - [REQUEST]: Responding to the client. project-graph
[NX Daemon Server] - 2024-08-13T19:51:29.701Z - Time taken for 'total for creating and serializing project graph' 0.0870830000000069ms
[NX Daemon Server] - 2024-08-13T19:51:29.701Z - Done responding to the client project-graph
[NX Daemon Server] - 2024-08-13T19:51:29.701Z - Handled REQUEST_PROJECT_GRAPH. Handling time: 0. Response time: 0.
[NX Daemon Server] - 2024-08-13T19:51:29.702Z - Established a connection. Number of open connections: 2
[NX Daemon Server] - 2024-08-13T19:51:29.702Z - [REQUEST]: Client Request for Project Graph Received
[NX Daemon Server] - 2024-08-13T19:51:29.702Z - [REQUEST]: Responding to the client. project-graph
[NX Daemon Server] - 2024-08-13T19:51:29.702Z - Time taken for 'total for creating and serializing project graph' 0.03708300000005238ms
[NX Daemon Server] - 2024-08-13T19:51:29.703Z - Done responding to the client project-graph
[NX Daemon Server] - 2024-08-13T19:51:29.703Z - Handled REQUEST_PROJECT_GRAPH. Handling time: 0. Response time: 1.
[NX Daemon Server] - 2024-08-13T19:51:35.537Z - Closed a connection. Number of open connections: 1
[NX Daemon Server] - 2024-08-13T19:51:35.540Z - Closed a connection. Number of open connections: 0
[NX Daemon Server] - 2024-08-13T19:55:57.570Z - Started listening on: /var/folders/r4/chb3w8mj5tg_zmy00gzxcmqh0000gn/T/75111b95a788fb57cee8/d.sock
[NX Daemon Server] - 2024-08-13T19:55:57.572Z - [WATCHER]: Subscribed to changes within: /Users/emily/code/tmp/gradle-nx (native)
[NX Daemon Server] - 2024-08-13T19:55:57.573Z - Established a connection. Number of open connections: 1
[NX Daemon Server] - 2024-08-13T19:55:57.574Z - Established a connection. Number of open connections: 2
[NX Daemon Server] - 2024-08-13T19:55:57.574Z - Closed a connection. Number of open connections: 1
[NX Daemon Server] - 2024-08-13T19:55:57.575Z - [REQUEST]: Client Request for Project Graph Received
[NX Daemon Server] - 2024-08-13T19:55:57.693Z - [REQUEST]: Updated workspace context based on watched changes, recomputing project graph...
[NX Daemon Server] - 2024-08-13T19:55:57.693Z - [REQUEST]: 
[NX Daemon Server] - 2024-08-13T19:55:57.693Z - [REQUEST]: 
[NX Daemon Server] - 2024-08-13T19:55:57.697Z - Time taken for 'loadNxPlugins' 117.11200000000001ms
[NX Daemon Server] - 2024-08-13T19:55:57.698Z - Established a connection. Number of open connections: 2
[NX Daemon Server] - 2024-08-13T19:55:57.698Z - Closed a connection. Number of open connections: 1
[NX Daemon Server] - 2024-08-13T19:55:57.698Z - Established a connection. Number of open connections: 2
[NX Daemon Server] - 2024-08-13T19:55:57.699Z - [REQUEST]: Responding to the client. handleHashGlob
[NX Daemon Server] - 2024-08-13T19:55:57.699Z - Done responding to the client handleHashGlob
[NX Daemon Server] - 2024-08-13T19:55:57.699Z - Handled HASH_GLOB. Handling time: 0. Response time: 0.
[NX Daemon Server] - 2024-08-13T19:55:58.150Z - [WATCHER]: Processing file changes in outputs
[NX Daemon Server] - 2024-08-13T19:55:58.905Z - [WATCHER]: Processing file changes in outputs
[NX Daemon Server] - 2024-08-13T19:55:58.971Z - [WATCHER]: Processing file changes in outputs
[NX Daemon Server] - 2024-08-13T19:55:59.032Z - [WATCHER]: Processing file changes in outputs
[NX Daemon Server] - 2024-08-13T19:55:59.086Z - [WATCHER]: Processing file changes in outputs
Could not run `projectReportAll` task. Ran `projectReport` instead. Please run `nx generate @nx/gradle:init` to generate the necessary tasks.
[NX Daemon Server] - 2024-08-13T19:55:59.442Z - [REQUEST]: Responding to the client. handleHashGlob
[NX Daemon Server] - 2024-08-13T19:55:59.442Z - Done responding to the client handleHashGlob
[NX Daemon Server] - 2024-08-13T19:55:59.442Z - Handled HASH_GLOB. Handling time: 1. Response time: 0.
[NX Daemon Server] - 2024-08-13T19:55:59.450Z - [REQUEST]: Responding to the client. handleHashGlob
[NX Daemon Server] - 2024-08-13T19:55:59.450Z - Done responding to the client handleHashGlob
[NX Daemon Server] - 2024-08-13T19:55:59.450Z - Handled HASH_GLOB. Handling time: 7. Response time: 0.
[NX Daemon Server] - 2024-08-13T19:55:59.455Z - [REQUEST]: Responding to the client. handleHashGlob
[NX Daemon Server] - 2024-08-13T19:55:59.455Z - Done responding to the client handleHashGlob
[NX Daemon Server] - 2024-08-13T19:55:59.456Z - Handled HASH_GLOB. Handling time: 1. Response time: 1.
[NX Daemon Server] - 2024-08-13T19:55:59.460Z - [REQUEST]: Responding to the client. handleHashGlob
[NX Daemon Server] - 2024-08-13T19:55:59.460Z - Done responding to the client handleHashGlob
[NX Daemon Server] - 2024-08-13T19:55:59.460Z - Handled HASH_GLOB. Handling time: 2. Response time: 0.
[NX Daemon Server] - 2024-08-13T19:55:59.461Z - [REQUEST]: Responding to the client. handleHashGlob
[NX Daemon Server] - 2024-08-13T19:55:59.461Z - Done responding to the client handleHashGlob
[NX Daemon Server] - 2024-08-13T19:55:59.461Z - Handled HASH_GLOB. Handling time: 0. Response time: 0.
[NX Daemon Server] - 2024-08-13T19:55:59.477Z - Time taken for 'build-project-configs' 1774.299625ms
[NX Daemon Server] - 2024-08-13T19:55:59.479Z - Time taken for 'nx/js/dependencies-and-lockfile:createDependencies' 1.8485829999999623ms
[NX Daemon Server] - 2024-08-13T19:55:59.480Z - [SYNC]: collect registered sync generators
[NX Daemon Server] - 2024-08-13T19:55:59.481Z - [SYNC]: scheduling: []
[NX Daemon Server] - 2024-08-13T19:55:59.481Z - [REQUEST]: Responding to the client. project-graph
[NX Daemon Server] - 2024-08-13T19:55:59.481Z - Time taken for 'total for creating and serializing project graph' 1905.981917ms
[NX Daemon Server] - 2024-08-13T19:55:59.481Z - Done responding to the client project-graph
[NX Daemon Server] - 2024-08-13T19:55:59.481Z - Handled REQUEST_PROJECT_GRAPH. Handling time: 1906. Response time: 0.
[NX Daemon Server] - 2024-08-13T19:55:59.490Z - [REQUEST]: Client Request for Project Graph Received
[NX Daemon Server] - 2024-08-13T19:55:59.490Z - [REQUEST]: Responding to the client. project-graph
[NX Daemon Server] - 2024-08-13T19:55:59.490Z - Time taken for 'total for creating and serializing project graph' 0.1692920000000413ms
[NX Daemon Server] - 2024-08-13T19:55:59.491Z - Done responding to the client project-graph
[NX Daemon Server] - 2024-08-13T19:55:59.491Z - Handled REQUEST_PROJECT_GRAPH. Handling time: 0. Response time: 1.
[NX Daemon Server] - 2024-08-13T19:55:59.492Z - Established a connection. Number of open connections: 3
[NX Daemon Server] - 2024-08-13T19:55:59.492Z - [REQUEST]: Client Request for Project Graph Received
[NX Daemon Server] - 2024-08-13T19:55:59.492Z - [REQUEST]: Responding to the client. project-graph
[NX Daemon Server] - 2024-08-13T19:55:59.492Z - Time taken for 'total for creating and serializing project graph' 0.07495800000015151ms
[NX Daemon Server] - 2024-08-13T19:55:59.493Z - Done responding to the client project-graph
[NX Daemon Server] - 2024-08-13T19:55:59.493Z - Handled REQUEST_PROJECT_GRAPH. Handling time: 0. Response time: 1.
[NX Daemon Server] - 2024-08-13T19:56:04.995Z - Closed a connection. Number of open connections: 2
[NX Daemon Server] - 2024-08-13T19:56:04.995Z - Closed a connection. Number of open connections: 1
[NX Daemon Server] - 2024-08-13T19:58:38.639Z - Established a connection. Number of open connections: 2
[NX Daemon Server] - 2024-08-13T19:58:38.640Z - Closed a connection. Number of open connections: 1
[NX Daemon Server] - 2024-08-13T19:58:38.641Z - Established a connection. Number of open connections: 2
[NX Daemon Server] - 2024-08-13T19:58:38.641Z - [REQUEST]: Client Request for Project Graph Received
[NX Daemon Server] - 2024-08-13T19:58:38.642Z - [REQUEST]: Responding to the client. project-graph
[NX Daemon Server] - 2024-08-13T19:58:38.642Z - Time taken for 'total for creating and serializing project graph' 0.18216700002085418ms
[NX Daemon Server] - 2024-08-13T19:58:38.645Z - Done responding to the client project-graph
[NX Daemon Server] - 2024-08-13T19:58:38.645Z - Handled REQUEST_PROJECT_GRAPH. Handling time: 1. Response time: 3.
[NX Daemon Server] - 2024-08-13T19:58:38.670Z - [REQUEST]: Responding to the client. handleHashTasks
[NX Daemon Server] - 2024-08-13T19:58:38.670Z - Done responding to the client handleHashTasks
[NX Daemon Server] - 2024-08-13T19:58:38.670Z - Handled HASH_TASKS. Handling time: 2. Response time: 0.
[NX Daemon Server] - 2024-08-13T19:58:39.868Z - [WATCHER]: Processing file changes in outputs
[NX Daemon Server] - 2024-08-13T19:58:40.244Z - [REQUEST]: Responding to the client. recordOutputsHash
[NX Daemon Server] - 2024-08-13T19:58:40.245Z - Done responding to the client recordOutputsHash
[NX Daemon Server] - 2024-08-13T19:58:40.245Z - Handled RECORD_OUTPUTS_HASH. Handling time: 1. Response time: 1.
[NX Daemon Server] - 2024-08-13T19:58:40.652Z - [WATCHER]: Processing file changes in outputs
[NX Daemon Server] - 2024-08-13T19:58:40.711Z - [WATCHER]: Processing file changes in outputs
[NX Daemon Server] - 2024-08-13T19:58:41.104Z - [REQUEST]: Responding to the client. recordOutputsHash
[NX Daemon Server] - 2024-08-13T19:58:41.104Z - Done responding to the client recordOutputsHash
[NX Daemon Server] - 2024-08-13T19:58:41.104Z - Handled RECORD_OUTPUTS_HASH. Handling time: 0. Response time: 0.
[NX Daemon Server] - 2024-08-13T19:58:41.488Z - [WATCHER]: Processing file changes in outputs
[NX Daemon Server] - 2024-08-13T19:58:41.548Z - [WATCHER]: Processing file changes in outputs
[NX Daemon Server] - 2024-08-13T19:58:41.953Z - [REQUEST]: Responding to the client. recordOutputsHash
[NX Daemon Server] - 2024-08-13T19:58:41.953Z - Done responding to the client recordOutputsHash
[NX Daemon Server] - 2024-08-13T19:58:41.953Z - Handled RECORD_OUTPUTS_HASH. Handling time: 1. Response time: 0.
[NX Daemon Server] - 2024-08-13T19:58:42.402Z - [WATCHER]: Processing file changes in outputs
[NX Daemon Server] - 2024-08-13T19:58:42.464Z - [WATCHER]: Processing file changes in outputs
[NX Daemon Server] - 2024-08-13T19:58:42.523Z - [WATCHER]: Processing file changes in outputs
[NX Daemon Server] - 2024-08-13T19:58:42.902Z - [REQUEST]: Responding to the client. recordOutputsHash
[NX Daemon Server] - 2024-08-13T19:58:42.902Z - Done responding to the client recordOutputsHash
[NX Daemon Server] - 2024-08-13T19:58:42.902Z - Handled RECORD_OUTPUTS_HASH. Handling time: 0. Response time: 0.
[NX Daemon Server] - 2024-08-13T19:58:42.985Z - [REQUEST]: Responding to the client. PROCESS_IN_BACKGROUND
[NX Daemon Server] - 2024-08-13T19:58:42.985Z - Done responding to the client PROCESS_IN_BACKGROUND
[NX Daemon Server] - 2024-08-13T19:58:42.985Z - Handled PROCESS_IN_BACKGROUND. Handling time: 57. Response time: 0.
[NX Daemon Server] - 2024-08-13T19:58:42.986Z - Uploading file artifacts
[NX Daemon Server] - 2024-08-13T19:58:43.044Z - Closed a connection. Number of open connections: 1
[NX Daemon Server] - 2024-08-13T19:58:43.285Z - Done uploading file artifacts
[NX Daemon Server] - 2024-08-13T19:58:43.286Z - Sending EndRun request
[NX Daemon Server] - 2024-08-13T19:58:43.394Z - Done sending EndRun request
[NX Daemon Server] - 2024-08-13T19:59:10.599Z - Established a connection. Number of open connections: 2
[NX Daemon Server] - 2024-08-13T19:59:10.600Z - Closed a connection. Number of open connections: 1
[NX Daemon Server] - 2024-08-13T19:59:10.600Z - Established a connection. Number of open connections: 2
[NX Daemon Server] - 2024-08-13T19:59:10.601Z - [REQUEST]: Client Request for Project Graph Received
[NX Daemon Server] - 2024-08-13T19:59:10.601Z - [REQUEST]: Responding to the client. project-graph
[NX Daemon Server] - 2024-08-13T19:59:10.601Z - Time taken for 'total for creating and serializing project graph' 0.17670899999211542ms
[NX Daemon Server] - 2024-08-13T19:59:10.602Z - Done responding to the client project-graph
[NX Daemon Server] - 2024-08-13T19:59:10.602Z - Handled REQUEST_PROJECT_GRAPH. Handling time: 0. Response time: 1.
[NX Daemon Server] - 2024-08-13T19:59:10.605Z - Closed a connection. Number of open connections: 1
[NX Daemon Server] - 2024-08-13T19:59:24.260Z - [WATCHER]: a.json was created or restored
[NX Daemon Server] - 2024-08-13T19:59:24.260Z - [WATCHER]: Processing file changes in outputs
[NX Daemon Server] - 2024-08-13T19:59:24.323Z - Established a connection. Number of open connections: 2
[NX Daemon Server] - 2024-08-13T19:59:24.324Z - Closed a connection. Number of open connections: 1
[NX Daemon Server] - 2024-08-13T19:59:24.324Z - Established a connection. Number of open connections: 2
[NX Daemon Server] - 2024-08-13T19:59:24.325Z - [REQUEST]: Client Request for Project Graph Received
[NX Daemon Server] - 2024-08-13T19:59:24.325Z - [REQUEST]: Updated workspace context based on watched changes, recomputing project graph...
[NX Daemon Server] - 2024-08-13T19:59:24.325Z - [REQUEST]: a.json
[NX Daemon Server] - 2024-08-13T19:59:24.325Z - [REQUEST]: 
[NX Daemon Server] - 2024-08-13T19:59:24.328Z - Time taken for 'hash changed files from watcher' 0.044624999980442226ms
[NX Daemon Server] - 2024-08-13T19:59:24.328Z - [REQUEST]: Responding to the client. handleHashGlob
[NX Daemon Server] - 2024-08-13T19:59:24.328Z - Done responding to the client handleHashGlob
[NX Daemon Server] - 2024-08-13T19:59:24.328Z - Handled HASH_GLOB. Handling time: 0. Response time: 0.
[NX Daemon Server] - 2024-08-13T19:59:24.766Z - [WATCHER]: Processing file changes in outputs
[NX Daemon Server] - 2024-08-13T19:59:25.515Z - [WATCHER]: Processing file changes in outputs
[NX Daemon Server] - 2024-08-13T19:59:25.582Z - [WATCHER]: Processing file changes in outputs
[NX Daemon Server] - 2024-08-13T19:59:25.639Z - [WATCHER]: Processing file changes in outputs
[NX Daemon Server] - 2024-08-13T19:59:25.693Z - [WATCHER]: Processing file changes in outputs
Could not run `projectReportAll` task. Ran `projectReport` instead. Please run `nx generate @nx/gradle:init` to generate the necessary tasks.
[NX Daemon Server] - 2024-08-13T19:59:26.062Z - [REQUEST]: Responding to the client. handleHashGlob
[NX Daemon Server] - 2024-08-13T19:59:26.063Z - Done responding to the client handleHashGlob
[NX Daemon Server] - 2024-08-13T19:59:26.063Z - Handled HASH_GLOB. Handling time: 0. Response time: 1.
[NX Daemon Server] - 2024-08-13T19:59:26.063Z - [REQUEST]: Responding to the client. handleHashGlob
[NX Daemon Server] - 2024-08-13T19:59:26.063Z - Done responding to the client handleHashGlob
[NX Daemon Server] - 2024-08-13T19:59:26.063Z - Handled HASH_GLOB. Handling time: 0. Response time: 0.
[NX Daemon Server] - 2024-08-13T19:59:26.064Z - [REQUEST]: Responding to the client. handleHashGlob
[NX Daemon Server] - 2024-08-13T19:59:26.064Z - Done responding to the client handleHashGlob
[NX Daemon Server] - 2024-08-13T19:59:26.064Z - Handled HASH_GLOB. Handling time: 1. Response time: 0.
[NX Daemon Server] - 2024-08-13T19:59:26.064Z - [REQUEST]: Responding to the client. handleHashGlob
[NX Daemon Server] - 2024-08-13T19:59:26.064Z - Done responding to the client handleHashGlob
[NX Daemon Server] - 2024-08-13T19:59:26.064Z - Handled HASH_GLOB. Handling time: 0. Response time: 0.
[NX Daemon Server] - 2024-08-13T19:59:26.065Z - [REQUEST]: Responding to the client. handleHashGlob
[NX Daemon Server] - 2024-08-13T19:59:26.065Z - Done responding to the client handleHashGlob
[NX Daemon Server] - 2024-08-13T19:59:26.065Z - Handled HASH_GLOB. Handling time: 1. Response time: 0.
[NX Daemon Server] - 2024-08-13T19:59:26.067Z - Time taken for 'build-project-configs' 1740.9609169999894ms
[NX Daemon Server] - 2024-08-13T19:59:26.068Z - Time taken for '@nx/gradle:createDependencies' 0.7040409999899566ms
[NX Daemon Server] - 2024-08-13T19:59:26.070Z - [SYNC]: collect registered sync generators
[NX Daemon Server] - 2024-08-13T19:59:26.070Z - [SYNC]: project graph hash is the same, not collecting task sync generators
[NX Daemon Server] - 2024-08-13T19:59:26.070Z - [SYNC]: nx.json hash is the same, not collecting global sync generators
[NX Daemon Server] - 2024-08-13T19:59:26.070Z - [SYNC]: scheduling: []
[NX Daemon Server] - 2024-08-13T19:59:26.070Z - [REQUEST]: Responding to the client. project-graph
[NX Daemon Server] - 2024-08-13T19:59:26.070Z - Time taken for 'total for creating and serializing project graph' 1745.1417500000098ms
[NX Daemon Server] - 2024-08-13T19:59:26.071Z - Done responding to the client project-graph
[NX Daemon Server] - 2024-08-13T19:59:26.071Z - Handled REQUEST_PROJECT_GRAPH. Handling time: 1745. Response time: 1.
[NX Daemon Server] - 2024-08-13T19:59:26.074Z - Closed a connection. Number of open connections: 1
[NX Daemon Server] - 2024-08-13T19:59:26.133Z - [WATCHER]: Processing file changes in outputs
[NX Daemon Server] - 2024-08-13T19:59:26.133Z - [WATCHER]: a.json was modified
[NX Daemon Server] - 2024-08-13T19:59:26.235Z - [REQUEST]: Updated workspace context based on watched changes, recomputing project graph...
[NX Daemon Server] - 2024-08-13T19:59:26.235Z - [REQUEST]: a.json
[NX Daemon Server] - 2024-08-13T19:59:26.235Z - [REQUEST]: 
[NX Daemon Server] - 2024-08-13T19:59:26.237Z - [REQUEST]: Responding to the client. handleHashGlob
[NX Daemon Server] - 2024-08-13T19:59:26.237Z - Done responding to the client handleHashGlob
[NX Daemon Server] - 2024-08-13T19:59:26.237Z - Handled HASH_GLOB. Handling time: 0. Response time: 0.
[NX Daemon Server] - 2024-08-13T19:59:26.237Z - Time taken for 'hash changed files from watcher' 0.06733300001360476ms
[NX Daemon Server] - 2024-08-13T19:59:26.611Z - [WATCHER]: Processing file changes in outputs
[NX Daemon Server] - 2024-08-13T19:59:26.669Z - [WATCHER]: Processing file changes in outputs
[NX Daemon Server] - 2024-08-13T19:59:27.429Z - [WATCHER]: Processing file changes in outputs
[NX Daemon Server] - 2024-08-13T19:59:27.492Z - [WATCHER]: Processing file changes in outputs
[NX Daemon Server] - 2024-08-13T19:59:27.551Z - [WATCHER]: Processing file changes in outputs
Could not run `projectReportAll` task. Ran `projectReport` instead. Please run `nx generate @nx/gradle:init` to generate the necessary tasks.
[NX Daemon Server] - 2024-08-13T19:59:27.896Z - [REQUEST]: Responding to the client. handleHashGlob
[NX Daemon Server] - 2024-08-13T19:59:27.896Z - Done responding to the client handleHashGlob
[NX Daemon Server] - 2024-08-13T19:59:27.896Z - Handled HASH_GLOB. Handling time: 1. Response time: 0.
[NX Daemon Server] - 2024-08-13T19:59:27.896Z - [REQUEST]: Responding to the client. handleHashGlob
[NX Daemon Server] - 2024-08-13T19:59:27.896Z - Done responding to the client handleHashGlob
[NX Daemon Server] - 2024-08-13T19:59:27.896Z - Handled HASH_GLOB. Handling time: 0. Response time: 0.
[NX Daemon Server] - 2024-08-13T19:59:27.897Z - [REQUEST]: Responding to the client. handleHashGlob
[NX Daemon Server] - 2024-08-13T19:59:27.897Z - Done responding to the client handleHashGlob
[NX Daemon Server] - 2024-08-13T19:59:27.897Z - Handled HASH_GLOB. Handling time: 1. Response time: 0.
[NX Daemon Server] - 2024-08-13T19:59:27.897Z - [REQUEST]: Responding to the client. handleHashGlob
[NX Daemon Server] - 2024-08-13T19:59:27.897Z - Done responding to the client handleHashGlob
[NX Daemon Server] - 2024-08-13T19:59:27.897Z - Handled HASH_GLOB. Handling time: 0. Response time: 0.
[NX Daemon Server] - 2024-08-13T19:59:27.898Z - [REQUEST]: Responding to the client. handleHashGlob
[NX Daemon Server] - 2024-08-13T19:59:27.898Z - Done responding to the client handleHashGlob
[NX Daemon Server] - 2024-08-13T19:59:27.898Z - Handled HASH_GLOB. Handling time: 0. Response time: 0.
[NX Daemon Server] - 2024-08-13T19:59:27.900Z - Time taken for 'build-project-configs' 1664.228833000001ms
[NX Daemon Server] - 2024-08-13T19:59:27.900Z - Time taken for '@nx/gradle:createDependencies' 0.6235840000153985ms
[NX Daemon Server] - 2024-08-13T19:59:27.902Z - [SYNC]: collect registered sync generators
[NX Daemon Server] - 2024-08-13T19:59:27.902Z - [SYNC]: project graph hash is the same, not collecting task sync generators
[NX Daemon Server] - 2024-08-13T19:59:27.902Z - [SYNC]: nx.json hash is the same, not collecting global sync generators
[NX Daemon Server] - 2024-08-13T19:59:27.902Z - [SYNC]: scheduling: []
[NX Daemon Server] - 2024-08-13T19:59:27.902Z - Time taken for 'total execution time for createProjectGraph()' 1.232040999981109ms
[NX Daemon Server] - 2024-08-13T19:59:36.452Z - [WATCHER]: Processing file changes in outputs
[NX Daemon Server] - 2024-08-13T19:59:36.453Z - [WATCHER]: a.json was modified
[NX Daemon Server] - 2024-08-13T19:59:36.654Z - [REQUEST]: Updated workspace context based on watched changes, recomputing project graph...
[NX Daemon Server] - 2024-08-13T19:59:36.654Z - [REQUEST]: a.json
[NX Daemon Server] - 2024-08-13T19:59:36.654Z - [REQUEST]: 
[NX Daemon Server] - 2024-08-13T19:59:36.657Z - [REQUEST]: Responding to the client. handleHashGlob
[NX Daemon Server] - 2024-08-13T19:59:36.657Z - Done responding to the client handleHashGlob
[NX Daemon Server] - 2024-08-13T19:59:36.657Z - Handled HASH_GLOB. Handling time: 1. Response time: 0.
[NX Daemon Server] - 2024-08-13T19:59:36.657Z - Time taken for 'hash changed files from watcher' 0.06225000001722947ms
[NX Daemon Server] - 2024-08-13T19:59:45.503Z - [WATCHER]: Processing file changes in outputs
[NX Daemon Server] - 2024-08-13T19:59:45.567Z - [WATCHER]: Processing file changes in outputs
[NX Daemon Server] - 2024-08-13T19:59:45.630Z - [WATCHER]: Processing file changes in outputs
[NX Daemon Server] - 2024-08-13T19:59:46.747Z - [WATCHER]: Processing file changes in outputs
[NX Daemon Server] - 2024-08-13T19:59:46.817Z - [WATCHER]: Processing file changes in outputs
[NX Daemon Server] - 2024-08-13T19:59:46.870Z - [WATCHER]: Processing file changes in outputs
Could not run `projectReportAll` task. Ran `projectReport` instead. Please run `nx generate @nx/gradle:init` to generate the necessary tasks.
[NX Daemon Server] - 2024-08-13T19:59:47.195Z - [REQUEST]: Responding to the client. handleHashGlob
[NX Daemon Server] - 2024-08-13T19:59:47.195Z - Done responding to the client handleHashGlob
[NX Daemon Server] - 2024-08-13T19:59:47.195Z - Handled HASH_GLOB. Handling time: 1. Response time: 0.
[NX Daemon Server] - 2024-08-13T19:59:47.196Z - [REQUEST]: Responding to the client. handleHashGlob
[NX Daemon Server] - 2024-08-13T19:59:47.196Z - Done responding to the client handleHashGlob
[NX Daemon Server] - 2024-08-13T19:59:47.196Z - Handled HASH_GLOB. Handling time: 1. Response time: 0.
[NX Daemon Server] - 2024-08-13T19:59:47.196Z - [REQUEST]: Responding to the client. handleHashGlob
[NX Daemon Server] - 2024-08-13T19:59:47.196Z - Done responding to the client handleHashGlob
[NX Daemon Server] - 2024-08-13T19:59:47.196Z - Handled HASH_GLOB. Handling time: 0. Response time: 0.
[NX Daemon Server] - 2024-08-13T19:59:47.197Z - [REQUEST]: Responding to the client. handleHashGlob
[NX Daemon Server] - 2024-08-13T19:59:47.197Z - Done responding to the client handleHashGlob
[NX Daemon Server] - 2024-08-13T19:59:47.197Z - Handled HASH_GLOB. Handling time: 0. Response time: 0.
[NX Daemon Server] - 2024-08-13T19:59:47.198Z - [REQUEST]: Responding to the client. handleHashGlob
[NX Daemon Server] - 2024-08-13T19:59:47.198Z - Done responding to the client handleHashGlob
[NX Daemon Server] - 2024-08-13T19:59:47.198Z - Handled HASH_GLOB. Handling time: 1. Response time: 0.
[NX Daemon Server] - 2024-08-13T19:59:47.202Z - Time taken for 'build-project-configs' 10545.587874999997ms
[NX Daemon Server] - 2024-08-13T19:59:47.203Z - Time taken for '@nx/gradle:createDependencies' 1.4125000000058208ms
[NX Daemon Server] - 2024-08-13T19:59:47.205Z - [SYNC]: collect registered sync generators
[NX Daemon Server] - 2024-08-13T19:59:47.205Z - [SYNC]: project graph hash is the same, not collecting task sync generators
[NX Daemon Server] - 2024-08-13T19:59:47.205Z - [SYNC]: nx.json hash is the same, not collecting global sync generators
[NX Daemon Server] - 2024-08-13T19:59:47.205Z - [SYNC]: scheduling: []
[NX Daemon Server] - 2024-08-13T19:59:47.205Z - Time taken for 'total execution time for createProjectGraph()' 3.0132079999893904ms
[NX Daemon Server] - 2024-08-13T20:00:17.458Z - [WATCHER]: a.json was deleted
[NX Daemon Server] - 2024-08-13T20:00:17.459Z - [WATCHER]: Processing file changes in outputs
[NX Daemon Server] - 2024-08-13T20:00:17.859Z - [REQUEST]: Updated workspace context based on watched changes, recomputing project graph...
[NX Daemon Server] - 2024-08-13T20:00:17.860Z - [REQUEST]: 
[NX Daemon Server] - 2024-08-13T20:00:17.860Z - [REQUEST]: a.json
[NX Daemon Server] - 2024-08-13T20:00:17.863Z - [REQUEST]: Responding to the client. handleHashGlob
[NX Daemon Server] - 2024-08-13T20:00:17.863Z - Done responding to the client handleHashGlob
[NX Daemon Server] - 2024-08-13T20:00:17.863Z - Handled HASH_GLOB. Handling time: 1. Response time: 0.
[NX Daemon Server] - 2024-08-13T20:00:17.863Z - Time taken for 'hash changed files from watcher' 0.035791999980574474ms
[NX Daemon Server] - 2024-08-13T20:00:18.356Z - [WATCHER]: Processing file changes in outputs
[NX Daemon Server] - 2024-08-13T20:00:19.136Z - [WATCHER]: Processing file changes in outputs
[NX Daemon Server] - 2024-08-13T20:00:19.194Z - [WATCHER]: Processing file changes in outputs
[NX Daemon Server] - 2024-08-13T20:00:19.256Z - [WATCHER]: Processing file changes in outputs
Could not run `projectReportAll` task. Ran `projectReport` instead. Please run `nx generate @nx/gradle:init` to generate the necessary tasks.
[NX Daemon Server] - 2024-08-13T20:00:19.619Z - [REQUEST]: Responding to the client. handleHashGlob
[NX Daemon Server] - 2024-08-13T20:00:19.619Z - Done responding to the client handleHashGlob
[NX Daemon Server] - 2024-08-13T20:00:19.620Z - Handled HASH_GLOB. Handling time: 0. Response time: 1.
[NX Daemon Server] - 2024-08-13T20:00:19.620Z - [REQUEST]: Responding to the client. handleHashGlob
[NX Daemon Server] - 2024-08-13T20:00:19.620Z - Done responding to the client handleHashGlob
[NX Daemon Server] - 2024-08-13T20:00:19.620Z - Handled HASH_GLOB. Handling time: 0. Response time: 0.
[NX Daemon Server] - 2024-08-13T20:00:19.621Z - [REQUEST]: Responding to the client. handleHashGlob
[NX Daemon Server] - 2024-08-13T20:00:19.621Z - Done responding to the client handleHashGlob
[NX Daemon Server] - 2024-08-13T20:00:19.621Z - Handled HASH_GLOB. Handling time: 1. Response time: 0.
[NX Daemon Server] - 2024-08-13T20:00:19.621Z - [REQUEST]: Responding to the client. handleHashGlob
[NX Daemon Server] - 2024-08-13T20:00:19.621Z - Done responding to the client handleHashGlob
[NX Daemon Server] - 2024-08-13T20:00:19.621Z - Handled HASH_GLOB. Handling time: 0. Response time: 0.
[NX Daemon Server] - 2024-08-13T20:00:19.622Z - [REQUEST]: Responding to the client. handleHashGlob
[NX Daemon Server] - 2024-08-13T20:00:19.622Z - Done responding to the client handleHashGlob
[NX Daemon Server] - 2024-08-13T20:00:19.622Z - Handled HASH_GLOB. Handling time: 0. Response time: 0.
[NX Daemon Server] - 2024-08-13T20:00:19.624Z - Time taken for 'build-project-configs' 1762.8129159999953ms
[NX Daemon Server] - 2024-08-13T20:00:19.625Z - Time taken for '@nx/gradle:createDependencies' 0.6903330000059213ms
[NX Daemon Server] - 2024-08-13T20:00:19.626Z - [SYNC]: collect registered sync generators
[NX Daemon Server] - 2024-08-13T20:00:19.626Z - [SYNC]: project graph hash is the same, not collecting task sync generators
[NX Daemon Server] - 2024-08-13T20:00:19.626Z - [SYNC]: nx.json hash is the same, not collecting global sync generators
[NX Daemon Server] - 2024-08-13T20:00:19.626Z - [SYNC]: scheduling: []
[NX Daemon Server] - 2024-08-13T20:00:19.626Z - Time taken for 'total execution time for createProjectGraph()' 1.7288750000006985ms
[NX Daemon Server] - 2024-08-13T20:00:28.712Z - [WATCHER]: nx.json was modified
[NX Daemon Server] - 2024-08-13T20:00:28.712Z - [WATCHER]: Processing file changes in outputs
[NX Daemon Server] - 2024-08-13T20:00:29.520Z - Closed a connection. Number of open connections: 0
[NX Daemon Server] - 2024-08-13T20:00:29.671Z - [REQUEST]: Updated workspace context based on watched changes, recomputing project graph...
[NX Daemon Server] - 2024-08-13T20:00:29.671Z - [REQUEST]: nx.json
[NX Daemon Server] - 2024-08-13T20:00:29.671Z - [REQUEST]: 
[NX Daemon Server] - 2024-08-13T20:00:29.707Z - Time taken for 'loadNxPlugins' 156.26916599995457ms
[NX Daemon Server] - 2024-08-13T20:00:29.713Z - Established a connection. Number of open connections: 1
[NX Daemon Server] - 2024-08-13T20:00:29.714Z - Closed a connection. Number of open connections: 0
[NX Daemon Server] - 2024-08-13T20:00:29.715Z - Established a connection. Number of open connections: 1
[NX Daemon Server] - 2024-08-13T20:00:29.718Z - [REQUEST]: Responding to the client. handleHashGlob
[NX Daemon Server] - 2024-08-13T20:00:29.718Z - Done responding to the client handleHashGlob
[NX Daemon Server] - 2024-08-13T20:00:29.718Z - Handled HASH_GLOB. Handling time: 1. Response time: 0.
[NX Daemon Server] - 2024-08-13T20:00:30.173Z - [WATCHER]: Processing file changes in outputs
[NX Daemon Server] - 2024-08-13T20:00:30.231Z - [WATCHER]: Processing file changes in outputs
[NX Daemon Server] - 2024-08-13T20:00:31.042Z - [WATCHER]: nx.json was modified
[NX Daemon Server] - 2024-08-13T20:00:31.042Z - [WATCHER]: Processing file changes in outputs
[NX Daemon Server] - 2024-08-13T20:00:31.120Z - [WATCHER]: Processing file changes in outputs
[NX Daemon Server] - 2024-08-13T20:00:31.172Z - [WATCHER]: Processing file changes in outputs
Could not run `projectReportAll` task. Ran `projectReport` instead. Please run `nx generate @nx/gradle:init` to generate the necessary tasks.
[NX Daemon Server] - 2024-08-13T20:00:31.541Z - [REQUEST]: Responding to the client. handleHashGlob
[NX Daemon Server] - 2024-08-13T20:00:31.541Z - Done responding to the client handleHashGlob
[NX Daemon Server] - 2024-08-13T20:00:31.541Z - Handled HASH_GLOB. Handling time: 1. Response time: 0.
[NX Daemon Server] - 2024-08-13T20:00:31.542Z - [REQUEST]: Responding to the client. handleHashGlob
[NX Daemon Server] - 2024-08-13T20:00:31.542Z - Done responding to the client handleHashGlob
[NX Daemon Server] - 2024-08-13T20:00:31.542Z - Handled HASH_GLOB. Handling time: 1. Response time: 0.
[NX Daemon Server] - 2024-08-13T20:00:31.542Z - [REQUEST]: Responding to the client. handleHashGlob
[NX Daemon Server] - 2024-08-13T20:00:31.543Z - Done responding to the client handleHashGlob
[NX Daemon Server] - 2024-08-13T20:00:31.543Z - Handled HASH_GLOB. Handling time: 0. Response time: 1.
[NX Daemon Server] - 2024-08-13T20:00:31.543Z - [REQUEST]: Responding to the client. handleHashGlob
[NX Daemon Server] - 2024-08-13T20:00:31.543Z - Done responding to the client handleHashGlob
[NX Daemon Server] - 2024-08-13T20:00:31.543Z - Handled HASH_GLOB. Handling time: 0. Response time: 0.
[NX Daemon Server] - 2024-08-13T20:00:31.544Z - [REQUEST]: Responding to the client. handleHashGlob
[NX Daemon Server] - 2024-08-13T20:00:31.544Z - Done responding to the client handleHashGlob
[NX Daemon Server] - 2024-08-13T20:00:31.544Z - Handled HASH_GLOB. Handling time: 1. Response time: 0.
[NX Daemon Server] - 2024-08-13T20:00:31.550Z - Time taken for 'build-project-configs' 1872.989499999967ms
[NX Daemon Server] - 2024-08-13T20:00:31.551Z - Closed a connection. Number of open connections: 0
[NX Daemon Server] - 2024-08-13T20:00:31.664Z - Time taken for 'loadNxPlugins' 116.66399999998976ms
[NX Daemon Server] - 2024-08-13T20:00:31.665Z - Time taken for 'nx/js/dependencies-and-lockfile:createDependencies' 1.2927090000011958ms
[NX Daemon Server] - 2024-08-13T20:00:31.666Z - Error detected when creating a project graph: Failed to create project graph. See above for errors
[NX Daemon Server] - 2024-08-13T20:00:31.666Z - Time taken for 'build project graph' 2.3493340000277385ms
[NX Daemon Server] - 2024-08-13T20:00:32.583Z - [WATCHER]: nx.json was modified
[NX Daemon Server] - 2024-08-13T20:00:32.583Z - [WATCHER]: Processing file changes in outputs
[NX Daemon Server] - 2024-08-13T20:00:32.642Z - [REQUEST]: Updated workspace context based on watched changes, recomputing project graph...
[NX Daemon Server] - 2024-08-13T20:00:32.643Z - [REQUEST]: nx.json
[NX Daemon Server] - 2024-08-13T20:00:32.643Z - [REQUEST]: 
[NX Daemon Server] - 2024-08-13T20:00:32.645Z - Time taken for 'hash changed files from watcher' 0.05345800000941381ms
[NX Daemon Server] - 2024-08-13T20:00:32.646Z - Established a connection. Number of open connections: 1
[NX Daemon Server] - 2024-08-13T20:00:32.646Z - Closed a connection. Number of open connections: 0
[NX Daemon Server] - 2024-08-13T20:00:32.646Z - Established a connection. Number of open connections: 1
[NX Daemon Server] - 2024-08-13T20:00:32.647Z - [REQUEST]: Responding to the client. handleHashGlob
[NX Daemon Server] - 2024-08-13T20:00:32.647Z - Done responding to the client handleHashGlob
[NX Daemon Server] - 2024-08-13T20:00:32.647Z - Handled HASH_GLOB. Handling time: 0. Response time: 0.
[NX Daemon Server] - 2024-08-13T20:00:32.820Z - [WATCHER]: nx.json was modified
[NX Daemon Server] - 2024-08-13T20:00:32.821Z - [WATCHER]: Processing file changes in outputs
[NX Daemon Server] - 2024-08-13T20:00:33.100Z - [WATCHER]: Processing file changes in outputs
[NX Daemon Server] - 2024-08-13T20:00:33.153Z - [WATCHER]: Processing file changes in outputs
[NX Daemon Server] - 2024-08-13T20:00:33.206Z - [WATCHER]: Processing file changes in outputs
[NX Daemon Server] - 2024-08-13T20:00:33.947Z - [WATCHER]: Processing file changes in outputs
[NX Daemon Server] - 2024-08-13T20:00:33.999Z - [WATCHER]: Processing file changes in outputs
[NX Daemon Server] - 2024-08-13T20:00:34.051Z - [WATCHER]: Processing file changes in outputs
Could not run `projectReportAll` task. Ran `projectReport` instead. Please run `nx generate @nx/gradle:init` to generate the necessary tasks.
[NX Daemon Server] - 2024-08-13T20:00:34.396Z - [REQUEST]: Responding to the client. handleHashGlob
[NX Daemon Server] - 2024-08-13T20:00:34.396Z - Done responding to the client handleHashGlob
[NX Daemon Server] - 2024-08-13T20:00:34.396Z - Handled HASH_GLOB. Handling time: 0. Response time: 0.
[NX Daemon Server] - 2024-08-13T20:00:34.397Z - [REQUEST]: Responding to the client. handleHashGlob
[NX Daemon Server] - 2024-08-13T20:00:34.397Z - Done responding to the client handleHashGlob
[NX Daemon Server] - 2024-08-13T20:00:34.397Z - Handled HASH_GLOB. Handling time: 1. Response time: 0.
[NX Daemon Server] - 2024-08-13T20:00:34.397Z - [REQUEST]: Responding to the client. handleHashGlob
[NX Daemon Server] - 2024-08-13T20:00:34.397Z - Done responding to the client handleHashGlob
[NX Daemon Server] - 2024-08-13T20:00:34.398Z - Handled HASH_GLOB. Handling time: 0. Response time: 1.
[NX Daemon Server] - 2024-08-13T20:00:34.399Z - [REQUEST]: Responding to the client. handleHashGlob
[NX Daemon Server] - 2024-08-13T20:00:34.399Z - Done responding to the client handleHashGlob
[NX Daemon Server] - 2024-08-13T20:00:34.399Z - Handled HASH_GLOB. Handling time: 1. Response time: 0.
[NX Daemon Server] - 2024-08-13T20:00:34.399Z - [REQUEST]: Responding to the client. handleHashGlob
[NX Daemon Server] - 2024-08-13T20:00:34.399Z - Done responding to the client handleHashGlob
[NX Daemon Server] - 2024-08-13T20:00:34.399Z - Handled HASH_GLOB. Handling time: 0. Response time: 0.
[NX Daemon Server] - 2024-08-13T20:00:34.402Z - Time taken for 'build-project-configs' 1757.5385409999872ms
[NX Daemon Server] - 2024-08-13T20:00:34.403Z - Time taken for 'nx/js/dependencies-and-lockfile:createDependencies' 1.0534590000170283ms
[NX Daemon Server] - 2024-08-13T20:00:34.404Z - [SYNC]: collect registered sync generators
[NX Daemon Server] - 2024-08-13T20:00:34.404Z - [SYNC]: nx.json hash is the same, not collecting global sync generators
[NX Daemon Server] - 2024-08-13T20:00:34.404Z - [SYNC]: scheduling: []
[NX Daemon Server] - 2024-08-13T20:00:34.404Z - Time taken for 'total execution time for createProjectGraph()' 1.926707999955397ms
[NX Daemon Server] - 2024-08-13T20:00:34.595Z - [WATCHER]: a.json was created or restored
[NX Daemon Server] - 2024-08-13T20:00:34.595Z - [WATCHER]: Processing file changes in outputs
[NX Daemon Server] - 2024-08-13T20:00:34.669Z - Established a connection. Number of open connections: 2
[NX Daemon Server] - 2024-08-13T20:00:34.669Z - Closed a connection. Number of open connections: 1
[NX Daemon Server] - 2024-08-13T20:00:34.670Z - Established a connection. Number of open connections: 2
[NX Daemon Server] - 2024-08-13T20:00:34.670Z - [REQUEST]: Client Request for Project Graph Received
[NX Daemon Server] - 2024-08-13T20:00:34.671Z - [REQUEST]: Updated workspace context based on watched changes, recomputing project graph...
[NX Daemon Server] - 2024-08-13T20:00:34.671Z - [REQUEST]: a.json
[NX Daemon Server] - 2024-08-13T20:00:34.671Z - [REQUEST]: 
[NX Daemon Server] - 2024-08-13T20:00:34.672Z - Time taken for 'hash changed files from watcher' 0.04487499996321276ms
[NX Daemon Server] - 2024-08-13T20:00:34.673Z - [REQUEST]: Responding to the client. handleHashGlob
[NX Daemon Server] - 2024-08-13T20:00:34.673Z - Done responding to the client handleHashGlob
[NX Daemon Server] - 2024-08-13T20:00:34.673Z - Handled HASH_GLOB. Handling time: 0. Response time: 0.
[NX Daemon Server] - 2024-08-13T20:00:35.031Z - [WATCHER]: Processing file changes in outputs
[NX Daemon Server] - 2024-08-13T20:00:35.087Z - [WATCHER]: Processing file changes in outputs
[NX Daemon Server] - 2024-08-13T20:00:36.078Z - [WATCHER]: Processing file changes in outputs
[NX Daemon Server] - 2024-08-13T20:00:36.154Z - [WATCHER]: Processing file changes in outputs
[NX Daemon Server] - 2024-08-13T20:00:36.209Z - [WATCHER]: Processing file changes in outputs
[NX Daemon Server] - 2024-08-13T20:00:36.267Z - [WATCHER]: Processing file changes in outputs
[NX Daemon Server] - 2024-08-13T20:00:36.320Z - [WATCHER]: Processing file changes in outputs
Could not run `projectReportAll` task. Ran `projectReport` instead. Please run `nx generate @nx/gradle:init` to generate the necessary tasks.
[NX Daemon Server] - 2024-08-13T20:00:36.675Z - [REQUEST]: Responding to the client. handleHashGlob
[NX Daemon Server] - 2024-08-13T20:00:36.675Z - Done responding to the client handleHashGlob
[NX Daemon Server] - 2024-08-13T20:00:36.676Z - Handled HASH_GLOB. Handling time: 0. Response time: 1.
[NX Daemon Server] - 2024-08-13T20:00:36.676Z - [REQUEST]: Responding to the client. handleHashGlob
[NX Daemon Server] - 2024-08-13T20:00:36.677Z - Done responding to the client handleHashGlob
[NX Daemon Server] - 2024-08-13T20:00:36.677Z - Handled HASH_GLOB. Handling time: 0. Response time: 1.
[NX Daemon Server] - 2024-08-13T20:00:36.677Z - [REQUEST]: Responding to the client. handleHashGlob
[NX Daemon Server] - 2024-08-13T20:00:36.678Z - Done responding to the client handleHashGlob
[NX Daemon Server] - 2024-08-13T20:00:36.678Z - Handled HASH_GLOB. Handling time: 0. Response time: 1.
[NX Daemon Server] - 2024-08-13T20:00:36.711Z - [REQUEST]: Responding to the client. handleHashGlob
[NX Daemon Server] - 2024-08-13T20:00:36.715Z - Done responding to the client handleHashGlob
[NX Daemon Server] - 2024-08-13T20:00:36.715Z - Handled HASH_GLOB. Handling time: 26. Response time: 4.
[NX Daemon Server] - 2024-08-13T20:00:36.727Z - [REQUEST]: Responding to the client. handleHashGlob
[NX Daemon Server] - 2024-08-13T20:00:36.727Z - Done responding to the client handleHashGlob
[NX Daemon Server] - 2024-08-13T20:00:36.727Z - Handled HASH_GLOB. Handling time: 5. Response time: 0.
[NX Daemon Server] - 2024-08-13T20:00:36.730Z - Time taken for 'build-project-configs' 2058.351666999981ms
[NX Daemon Server] - 2024-08-13T20:00:36.731Z - Time taken for '@nx/gradle:createDependencies' 1.0125419999822043ms
[NX Daemon Server] - 2024-08-13T20:00:36.736Z - [SYNC]: collect registered sync generators
[NX Daemon Server] - 2024-08-13T20:00:36.737Z - [SYNC]: project graph hash is the same, not collecting task sync generators
[NX Daemon Server] - 2024-08-13T20:00:36.737Z - [SYNC]: nx.json hash is the same, not collecting global sync generators
[NX Daemon Server] - 2024-08-13T20:00:36.737Z - [SYNC]: scheduling: []
[NX Daemon Server] - 2024-08-13T20:00:36.737Z - [REQUEST]: Responding to the client. project-graph
[NX Daemon Server] - 2024-08-13T20:00:36.738Z - Time taken for 'total for creating and serializing project graph' 2066.992541000014ms
[NX Daemon Server] - 2024-08-13T20:00:36.740Z - Done responding to the client project-graph
[NX Daemon Server] - 2024-08-13T20:00:36.740Z - Handled REQUEST_PROJECT_GRAPH. Handling time: 2067. Response time: 3.
[NX Daemon Server] - 2024-08-13T20:00:36.746Z - Closed a connection. Number of open connections: 1
[NX Daemon Server] - 2024-08-13T20:00:36.822Z - [WATCHER]: Processing file changes in outputs
[NX Daemon Server] - 2024-08-13T20:00:36.833Z - [WATCHER]: a.json was modified
[NX Daemon Server] - 2024-08-13T20:00:36.935Z - [REQUEST]: Updated workspace context based on watched changes, recomputing project graph...
[NX Daemon Server] - 2024-08-13T20:00:36.935Z - [REQUEST]: a.json
[NX Daemon Server] - 2024-08-13T20:00:36.935Z - [REQUEST]: 
[NX Daemon Server] - 2024-08-13T20:00:36.937Z - [REQUEST]: Responding to the client. handleHashGlob
[NX Daemon Server] - 2024-08-13T20:00:36.937Z - Done responding to the client handleHashGlob
[NX Daemon Server] - 2024-08-13T20:00:36.938Z - Handled HASH_GLOB. Handling time: 0. Response time: 1.
[NX Daemon Server] - 2024-08-13T20:00:36.938Z - Time taken for 'hash changed files from watcher' 0.06933399999979883ms
[NX Daemon Server] - 2024-08-13T20:00:37.368Z - [WATCHER]: Processing file changes in outputs
[NX Daemon Server] - 2024-08-13T20:00:37.425Z - [WATCHER]: Processing file changes in outputs
[NX Daemon Server] - 2024-08-13T20:00:38.147Z - [WATCHER]: Processing file changes in outputs
[NX Daemon Server] - 2024-08-13T20:00:38.204Z - [WATCHER]: Processing file changes in outputs
[NX Daemon Server] - 2024-08-13T20:00:38.255Z - [WATCHER]: Processing file changes in outputs
Could not run `projectReportAll` task. Ran `projectReport` instead. Please run `nx generate @nx/gradle:init` to generate the necessary tasks.
[NX Daemon Server] - 2024-08-13T20:00:38.602Z - [REQUEST]: Responding to the client. handleHashGlob
[NX Daemon Server] - 2024-08-13T20:00:38.602Z - Done responding to the client handleHashGlob
[NX Daemon Server] - 2024-08-13T20:00:38.602Z - Handled HASH_GLOB. Handling time: 0. Response time: 0.
[NX Daemon Server] - 2024-08-13T20:00:38.603Z - [REQUEST]: Responding to the client. handleHashGlob
[NX Daemon Server] - 2024-08-13T20:00:38.603Z - Done responding to the client handleHashGlob
[NX Daemon Server] - 2024-08-13T20:00:38.603Z - Handled HASH_GLOB. Handling time: 1. Response time: 0.
[NX Daemon Server] - 2024-08-13T20:00:38.603Z - [REQUEST]: Responding to the client. handleHashGlob
[NX Daemon Server] - 2024-08-13T20:00:38.603Z - Done responding to the client handleHashGlob
[NX Daemon Server] - 2024-08-13T20:00:38.603Z - Handled HASH_GLOB. Handling time: 0. Response time: 0.
[NX Daemon Server] - 2024-08-13T20:00:38.604Z - [REQUEST]: Responding to the client. handleHashGlob
[NX Daemon Server] - 2024-08-13T20:00:38.604Z - Done responding to the client handleHashGlob
[NX Daemon Server] - 2024-08-13T20:00:38.604Z - Handled HASH_GLOB. Handling time: 1. Response time: 0.
[NX Daemon Server] - 2024-08-13T20:00:38.604Z - [REQUEST]: Responding to the client. handleHashGlob
[NX Daemon Server] - 2024-08-13T20:00:38.604Z - Done responding to the client handleHashGlob
[NX Daemon Server] - 2024-08-13T20:00:38.604Z - Handled HASH_GLOB. Handling time: 0. Response time: 0.
[NX Daemon Server] - 2024-08-13T20:00:38.606Z - Time taken for 'build-project-configs' 1670.0972920000204ms
[NX Daemon Server] - 2024-08-13T20:00:38.607Z - Time taken for '@nx/gradle:createDependencies' 0.6709159999736585ms
[NX Daemon Server] - 2024-08-13T20:00:38.608Z - [SYNC]: collect registered sync generators
[NX Daemon Server] - 2024-08-13T20:00:38.609Z - [SYNC]: project graph hash is the same, not collecting task sync generators
[NX Daemon Server] - 2024-08-13T20:00:38.609Z - [SYNC]: nx.json hash is the same, not collecting global sync generators
[NX Daemon Server] - 2024-08-13T20:00:38.609Z - [SYNC]: scheduling: []
[NX Daemon Server] - 2024-08-13T20:00:38.609Z - Time taken for 'total execution time for createProjectGraph()' 1.3802499999874271ms
[NX Daemon Server] - 2024-08-13T20:00:43.095Z - [WATCHER]: a.json was modified
[NX Daemon Server] - 2024-08-13T20:00:43.095Z - [WATCHER]: Processing file changes in outputs
[NX Daemon Server] - 2024-08-13T20:00:43.295Z - [REQUEST]: Updated workspace context based on watched changes, recomputing project graph...
[NX Daemon Server] - 2024-08-13T20:00:43.295Z - [REQUEST]: a.json
[NX Daemon Server] - 2024-08-13T20:00:43.295Z - [REQUEST]: 
[NX Daemon Server] - 2024-08-13T20:00:43.298Z - [REQUEST]: Responding to the client. handleHashGlob
[NX Daemon Server] - 2024-08-13T20:00:43.298Z - Done responding to the client handleHashGlob
[NX Daemon Server] - 2024-08-13T20:00:43.298Z - Handled HASH_GLOB. Handling time: 0. Response time: 0.
[NX Daemon Server] - 2024-08-13T20:00:43.298Z - Time taken for 'hash changed files from watcher' 0.059624999994412065ms
[NX Daemon Server] - 2024-08-13T20:00:43.679Z - [WATCHER]: Processing file changes in outputs
[NX Daemon Server] - 2024-08-13T20:00:43.731Z - [WATCHER]: Processing file changes in outputs
[NX Daemon Server] - 2024-08-13T20:00:44.561Z - [WATCHER]: Processing file changes in outputs
[NX Daemon Server] - 2024-08-13T20:00:44.624Z - [WATCHER]: Processing file changes in outputs
[NX Daemon Server] - 2024-08-13T20:00:44.681Z - [WATCHER]: Processing file changes in outputs
Could not run `projectReportAll` task. Ran `projectReport` instead. Please run `nx generate @nx/gradle:init` to generate the necessary tasks.
[NX Daemon Server] - 2024-08-13T20:00:45.065Z - [REQUEST]: Responding to the client. handleHashGlob
[NX Daemon Server] - 2024-08-13T20:00:45.065Z - Done responding to the client handleHashGlob
[NX Daemon Server] - 2024-08-13T20:00:45.065Z - Handled HASH_GLOB. Handling time: 1. Response time: 0.
[NX Daemon Server] - 2024-08-13T20:00:45.065Z - [REQUEST]: Responding to the client. handleHashGlob
[NX Daemon Server] - 2024-08-13T20:00:45.066Z - Done responding to the client handleHashGlob
[NX Daemon Server] - 2024-08-13T20:00:45.066Z - Handled HASH_GLOB. Handling time: 0. Response time: 1.
[NX Daemon Server] - 2024-08-13T20:00:45.066Z - [REQUEST]: Responding to the client. handleHashGlob
[NX Daemon Server] - 2024-08-13T20:00:45.066Z - Done responding to the client handleHashGlob
[NX Daemon Server] - 2024-08-13T20:00:45.066Z - Handled HASH_GLOB. Handling time: 0. Response time: 0.
[NX Daemon Server] - 2024-08-13T20:00:45.067Z - [REQUEST]: Responding to the client. handleHashGlob
[NX Daemon Server] - 2024-08-13T20:00:45.067Z - Done responding to the client handleHashGlob
[NX Daemon Server] - 2024-08-13T20:00:45.067Z - Handled HASH_GLOB. Handling time: 1. Response time: 0.
[NX Daemon Server] - 2024-08-13T20:00:45.067Z - [REQUEST]: Responding to the client. handleHashGlob
[NX Daemon Server] - 2024-08-13T20:00:45.067Z - Done responding to the client handleHashGlob
[NX Daemon Server] - 2024-08-13T20:00:45.067Z - Handled HASH_GLOB. Handling time: 0. Response time: 0.
[NX Daemon Server] - 2024-08-13T20:00:45.070Z - Time taken for 'build-project-configs' 1772.8975419999915ms
[NX Daemon Server] - 2024-08-13T20:00:45.070Z - Time taken for '@nx/gradle:createDependencies' 0.8775840000016615ms
[NX Daemon Server] - 2024-08-13T20:00:45.072Z - [SYNC]: collect registered sync generators
[NX Daemon Server] - 2024-08-13T20:00:45.072Z - [SYNC]: project graph hash is the same, not collecting task sync generators
[NX Daemon Server] - 2024-08-13T20:00:45.073Z - [SYNC]: nx.json hash is the same, not collecting global sync generators
[NX Daemon Server] - 2024-08-13T20:00:45.073Z - [SYNC]: scheduling: []
[NX Daemon Server] - 2024-08-13T20:00:45.073Z - Time taken for 'total execution time for createProjectGraph()' 1.4481669999659061ms
[NX Daemon Server] - 2024-08-13T20:00:46.500Z - [WATCHER]: a.json was modified
[NX Daemon Server] - 2024-08-13T20:00:46.500Z - [WATCHER]: Processing file changes in outputs
[NX Daemon Server] - 2024-08-13T20:00:46.902Z - [REQUEST]: Updated workspace context based on watched changes, recomputing project graph...
[NX Daemon Server] - 2024-08-13T20:00:46.902Z - [REQUEST]: a.json
[NX Daemon Server] - 2024-08-13T20:00:46.902Z - [REQUEST]: 
[NX Daemon Server] - 2024-08-13T20:00:46.904Z - Time taken for 'hash changed files from watcher' 0.1288750000530854ms
[NX Daemon Server] - 2024-08-13T20:00:46.906Z - [REQUEST]: Responding to the client. handleHashGlob
[NX Daemon Server] - 2024-08-13T20:00:46.906Z - Done responding to the client handleHashGlob
[NX Daemon Server] - 2024-08-13T20:00:46.906Z - Handled HASH_GLOB. Handling time: 1. Response time: 0.
[NX Daemon Server] - 2024-08-13T20:00:47.360Z - [WATCHER]: Processing file changes in outputs
[NX Daemon Server] - 2024-08-13T20:00:48.111Z - [WATCHER]: Processing file changes in outputs
[NX Daemon Server] - 2024-08-13T20:00:48.171Z - [WATCHER]: Processing file changes in outputs
[NX Daemon Server] - 2024-08-13T20:00:48.225Z - [WATCHER]: Processing file changes in outputs
Could not run `projectReportAll` task. Ran `projectReport` instead. Please run `nx generate @nx/gradle:init` to generate the necessary tasks.
[NX Daemon Server] - 2024-08-13T20:00:48.587Z - [REQUEST]: Responding to the client. handleHashGlob
[NX Daemon Server] - 2024-08-13T20:00:48.587Z - Done responding to the client handleHashGlob
[NX Daemon Server] - 2024-08-13T20:00:48.587Z - Handled HASH_GLOB. Handling time: 0. Response time: 0.
[NX Daemon Server] - 2024-08-13T20:00:48.588Z - [REQUEST]: Responding to the client. handleHashGlob
[NX Daemon Server] - 2024-08-13T20:00:48.588Z - Done responding to the client handleHashGlob
[NX Daemon Server] - 2024-08-13T20:00:48.588Z - Handled HASH_GLOB. Handling time: 0. Response time: 0.
[NX Daemon Server] - 2024-08-13T20:00:48.589Z - [REQUEST]: Responding to the client. handleHashGlob
[NX Daemon Server] - 2024-08-13T20:00:48.589Z - Done responding to the client handleHashGlob
[NX Daemon Server] - 2024-08-13T20:00:48.589Z - Handled HASH_GLOB. Handling time: 0. Response time: 0.
[NX Daemon Server] - 2024-08-13T20:00:48.589Z - [REQUEST]: Responding to the client. handleHashGlob
[NX Daemon Server] - 2024-08-13T20:00:48.589Z - Done responding to the client handleHashGlob
[NX Daemon Server] - 2024-08-13T20:00:48.589Z - Handled HASH_GLOB. Handling time: 0. Response time: 0.
[NX Daemon Server] - 2024-08-13T20:00:48.590Z - [REQUEST]: Responding to the client. handleHashGlob
[NX Daemon Server] - 2024-08-13T20:00:48.590Z - Done responding to the client handleHashGlob
[NX Daemon Server] - 2024-08-13T20:00:48.590Z - Handled HASH_GLOB. Handling time: 0. Response time: 0.
[NX Daemon Server] - 2024-08-13T20:00:48.592Z - Time taken for 'build-project-configs' 1688.5480419999803ms
[NX Daemon Server] - 2024-08-13T20:00:48.593Z - Time taken for '@nx/gradle:createDependencies' 1.1314169999677688ms
[NX Daemon Server] - 2024-08-13T20:00:48.595Z - [SYNC]: collect registered sync generators
[NX Daemon Server] - 2024-08-13T20:00:48.596Z - [SYNC]: project graph hash is the same, not collecting task sync generators
[NX Daemon Server] - 2024-08-13T20:00:48.596Z - [SYNC]: nx.json hash is the same, not collecting global sync generators
[NX Daemon Server] - 2024-08-13T20:00:48.596Z - [SYNC]: scheduling: []
[NX Daemon Server] - 2024-08-13T20:00:48.596Z - Time taken for 'total execution time for createProjectGraph()' 1.4643329999526031ms
[NX Daemon Server] - 2024-08-13T20:01:35.250Z - [WATCHER]: nx.json was modified
[NX Daemon Server] - 2024-08-13T20:01:35.250Z - [WATCHER]: Processing file changes in outputs
/Users/emily/code/tmp/gradle-nx/.nx/installation/node_modules/nx/src/utils/json.js:29
        throw new Error(formatParseError(input, errors[0]));
              ^

Error: InvalidSymbol in /Users/emily/code/tmp/gradle-nx/nx.json at 31:12
  29 |         "classesTargetName": "classes",
  30 |         "buildTargetName": "build",
> 31 |         " "ciTargetName": "test-ci"": "test-ci"
     |            ^^^^^^^^^^^^
  32 |       }
  33 |     }
  34 |   ],

    at parseJson (/Users/emily/code/tmp/gradle-nx/.nx/installation/node_modules/nx/src/utils/json.js:29:15)
    at readJsonFile (/Users/emily/code/tmp/gradle-nx/.nx/installation/node_modules/nx/src/utils/fileutils.js:30:37)
    at readNxJson (/Users/emily/code/tmp/gradle-nx/.nx/installation/node_modules/nx/src/config/nx-json.js:12:66)
    at getPlugins (/Users/emily/code/tmp/gradle-nx/.nx/installation/node_modules/nx/src/daemon/server/plugins.js:13:59)
    at Timeout._onTimeout (/Users/emily/code/tmp/gradle-nx/.nx/installation/node_modules/nx/src/daemon/server/project-graph-incremental-recomputation.js:93:94)
    at listOnTimeout (node:internal/timers:573:17)
    at process.processTimers (node:internal/timers:514:7)

Node.js v20.11.1
[NX Daemon Server] - 2024-08-13T20:01:45.900Z - Started listening on: /var/folders/r4/chb3w8mj5tg_zmy00gzxcmqh0000gn/T/75111b95a788fb57cee8/d.sock
[NX Daemon Server] - 2024-08-13T20:01:45.901Z - [WATCHER]: Subscribed to changes within: /Users/emily/code/tmp/gradle-nx (native)
[NX Daemon Server] - 2024-08-13T20:01:45.903Z - Established a connection. Number of open connections: 1
[NX Daemon Server] - 2024-08-13T20:01:45.903Z - Established a connection. Number of open connections: 2
[NX Daemon Server] - 2024-08-13T20:01:45.904Z - Closed a connection. Number of open connections: 1
[NX Daemon Server] - 2024-08-13T20:01:45.905Z - [REQUEST]: Client Request for Project Graph Received
[NX Daemon Server] - 2024-08-13T20:01:46.023Z - [REQUEST]: Updated workspace context based on watched changes, recomputing project graph...
[NX Daemon Server] - 2024-08-13T20:01:46.023Z - [REQUEST]: 
[NX Daemon Server] - 2024-08-13T20:01:46.023Z - [REQUEST]: 
[NX Daemon Server] - 2024-08-13T20:01:46.028Z - Time taken for 'loadNxPlugins' 117.295792ms
[NX Daemon Server] - 2024-08-13T20:01:46.028Z - Established a connection. Number of open connections: 2
[NX Daemon Server] - 2024-08-13T20:01:46.028Z - Closed a connection. Number of open connections: 1
[NX Daemon Server] - 2024-08-13T20:01:46.028Z - Established a connection. Number of open connections: 2
[NX Daemon Server] - 2024-08-13T20:01:46.029Z - [REQUEST]: Responding to the client. handleHashGlob
[NX Daemon Server] - 2024-08-13T20:01:46.029Z - Done responding to the client handleHashGlob
[NX Daemon Server] - 2024-08-13T20:01:46.029Z - Handled HASH_GLOB. Handling time: 0. Response time: 0.
[NX Daemon Server] - 2024-08-13T20:01:46.538Z - [WATCHER]: Processing file changes in outputs
[NX Daemon Server] - 2024-08-13T20:01:47.275Z - [WATCHER]: Processing file changes in outputs
[NX Daemon Server] - 2024-08-13T20:01:47.345Z - [WATCHER]: Processing file changes in outputs
[NX Daemon Server] - 2024-08-13T20:01:47.396Z - [WATCHER]: Processing file changes in outputs
Could not run `projectReportAll` task. Ran `projectReport` instead. Please run `nx generate @nx/gradle:init` to generate the necessary tasks.
[NX Daemon Server] - 2024-08-13T20:01:47.738Z - [REQUEST]: Responding to the client. handleHashGlob
[NX Daemon Server] - 2024-08-13T20:01:47.738Z - Done responding to the client handleHashGlob
[NX Daemon Server] - 2024-08-13T20:01:47.738Z - Handled HASH_GLOB. Handling time: 1. Response time: 0.
[NX Daemon Server] - 2024-08-13T20:01:47.738Z - [REQUEST]: Responding to the client. handleHashGlob
[NX Daemon Server] - 2024-08-13T20:01:47.739Z - Done responding to the client handleHashGlob
[NX Daemon Server] - 2024-08-13T20:01:47.739Z - Handled HASH_GLOB. Handling time: 0. Response time: 1.
[NX Daemon Server] - 2024-08-13T20:01:47.739Z - [REQUEST]: Responding to the client. handleHashGlob
[NX Daemon Server] - 2024-08-13T20:01:47.739Z - Done responding to the client handleHashGlob
[NX Daemon Server] - 2024-08-13T20:01:47.739Z - Handled HASH_GLOB. Handling time: 0. Response time: 0.
[NX Daemon Server] - 2024-08-13T20:01:47.740Z - [REQUEST]: Responding to the client. handleHashGlob
[NX Daemon Server] - 2024-08-13T20:01:47.740Z - Done responding to the client handleHashGlob
[NX Daemon Server] - 2024-08-13T20:01:47.740Z - Handled HASH_GLOB. Handling time: 1. Response time: 0.
[NX Daemon Server] - 2024-08-13T20:01:47.740Z - [REQUEST]: Responding to the client. handleHashGlob
[NX Daemon Server] - 2024-08-13T20:01:47.740Z - Done responding to the client handleHashGlob
[NX Daemon Server] - 2024-08-13T20:01:47.740Z - Handled HASH_GLOB. Handling time: 0. Response time: 0.
[NX Daemon Server] - 2024-08-13T20:01:47.752Z - Time taken for 'build-project-configs' 1720.00775ms
[NX Daemon Server] - 2024-08-13T20:01:47.755Z - [SYNC]: collect registered sync generators
[NX Daemon Server] - 2024-08-13T20:01:47.756Z - [SYNC]: scheduling: []
[NX Daemon Server] - 2024-08-13T20:01:47.756Z - [REQUEST]: Responding to the client. project-graph
[NX Daemon Server] - 2024-08-13T20:01:47.756Z - Time taken for 'total for creating and serializing project graph' 1851.166667ms
[NX Daemon Server] - 2024-08-13T20:01:47.757Z - Done responding to the client project-graph
[NX Daemon Server] - 2024-08-13T20:01:47.757Z - Handled REQUEST_PROJECT_GRAPH. Handling time: 1851. Response time: 1.
[NX Daemon Server] - 2024-08-13T20:01:47.760Z - Closed a connection. Number of open connections: 1
[NX Daemon Server] - 2024-08-13T20:01:47.819Z - [WATCHER]: a.json was modified
[NX Daemon Server] - 2024-08-13T20:01:47.819Z - [WATCHER]: Processing file changes in outputs
[NX Daemon Server] - 2024-08-13T20:01:47.920Z - [REQUEST]: Updated workspace context based on watched changes, recomputing project graph...
[NX Daemon Server] - 2024-08-13T20:01:47.921Z - [REQUEST]: a.json
[NX Daemon Server] - 2024-08-13T20:01:47.921Z - [REQUEST]: 
[NX Daemon Server] - 2024-08-13T20:01:47.924Z - [REQUEST]: Responding to the client. handleHashGlob
[NX Daemon Server] - 2024-08-13T20:01:47.924Z - Done responding to the client handleHashGlob
[NX Daemon Server] - 2024-08-13T20:01:47.924Z - Handled HASH_GLOB. Handling time: 1. Response time: 0.
[NX Daemon Server] - 2024-08-13T20:01:47.924Z - Time taken for 'hash changed files from watcher' 0.10033300000031886ms
[NX Daemon Server] - 2024-08-13T20:01:48.343Z - [WATCHER]: Processing file changes in outputs
[NX Daemon Server] - 2024-08-13T20:01:48.395Z - [WATCHER]: Processing file changes in outputs
[NX Daemon Server] - 2024-08-13T20:01:49.115Z - [WATCHER]: Processing file changes in outputs
[NX Daemon Server] - 2024-08-13T20:01:49.169Z - [WATCHER]: Processing file changes in outputs
[NX Daemon Server] - 2024-08-13T20:01:49.221Z - [WATCHER]: Processing file changes in outputs
Could not run `projectReportAll` task. Ran `projectReport` instead. Please run `nx generate @nx/gradle:init` to generate the necessary tasks.
[NX Daemon Server] - 2024-08-13T20:01:49.557Z - [REQUEST]: Responding to the client. handleHashGlob
[NX Daemon Server] - 2024-08-13T20:01:49.557Z - Done responding to the client handleHashGlob
[NX Daemon Server] - 2024-08-13T20:01:49.557Z - Handled HASH_GLOB. Handling time: 0. Response time: 0.
[NX Daemon Server] - 2024-08-13T20:01:49.558Z - [REQUEST]: Responding to the client. handleHashGlob
[NX Daemon Server] - 2024-08-13T20:01:49.558Z - Done responding to the client handleHashGlob
[NX Daemon Server] - 2024-08-13T20:01:49.558Z - Handled HASH_GLOB. Handling time: 1. Response time: 0.
[NX Daemon Server] - 2024-08-13T20:01:49.558Z - [REQUEST]: Responding to the client. handleHashGlob
[NX Daemon Server] - 2024-08-13T20:01:49.558Z - Done responding to the client handleHashGlob
[NX Daemon Server] - 2024-08-13T20:01:49.558Z - Handled HASH_GLOB. Handling time: 0. Response time: 0.
[NX Daemon Server] - 2024-08-13T20:01:49.559Z - [REQUEST]: Responding to the client. handleHashGlob
[NX Daemon Server] - 2024-08-13T20:01:49.559Z - Done responding to the client handleHashGlob
[NX Daemon Server] - 2024-08-13T20:01:49.559Z - Handled HASH_GLOB. Handling time: 0. Response time: 0.
[NX Daemon Server] - 2024-08-13T20:01:49.559Z - [REQUEST]: Responding to the client. handleHashGlob
[NX Daemon Server] - 2024-08-13T20:01:49.559Z - Done responding to the client handleHashGlob
[NX Daemon Server] - 2024-08-13T20:01:49.559Z - Handled HASH_GLOB. Handling time: 0. Response time: 0.
[NX Daemon Server] - 2024-08-13T20:01:49.562Z - Time taken for 'build-project-configs' 1639.4852499999997ms
[NX Daemon Server] - 2024-08-13T20:01:49.563Z - Time taken for '@nx/gradle:createDependencies' 1.0340000000001055ms
[NX Daemon Server] - 2024-08-13T20:01:49.565Z - [SYNC]: collect registered sync generators
[NX Daemon Server] - 2024-08-13T20:01:49.565Z - [SYNC]: project graph hash is the same, not collecting task sync generators
[NX Daemon Server] - 2024-08-13T20:01:49.565Z - [SYNC]: nx.json hash is the same, not collecting global sync generators
[NX Daemon Server] - 2024-08-13T20:01:49.565Z - [SYNC]: scheduling: []
[NX Daemon Server] - 2024-08-13T20:01:49.565Z - Time taken for 'total execution time for createProjectGraph()' 2.1557920000000195ms
[NX Daemon Server] - 2024-08-13T20:01:57.958Z - [WATCHER]: Processing file changes in outputs
[NX Daemon Server] - 2024-08-13T20:01:57.959Z - [WATCHER]: a.json was modified
[NX Daemon Server] - 2024-08-13T20:01:58.160Z - [REQUEST]: Updated workspace context based on watched changes, recomputing project graph...
[NX Daemon Server] - 2024-08-13T20:01:58.160Z - [REQUEST]: a.json
[NX Daemon Server] - 2024-08-13T20:01:58.160Z - [REQUEST]: 
[NX Daemon Server] - 2024-08-13T20:01:58.164Z - [REQUEST]: Responding to the client. handleHashGlob
[NX Daemon Server] - 2024-08-13T20:01:58.164Z - Done responding to the client handleHashGlob
[NX Daemon Server] - 2024-08-13T20:01:58.164Z - Handled HASH_GLOB. Handling time: 0. Response time: 0.
[NX Daemon Server] - 2024-08-13T20:01:58.164Z - Time taken for 'hash changed files from watcher' 0.08337500000016007ms
[NX Daemon Server] - 2024-08-13T20:01:58.525Z - [WATCHER]: Processing file changes in outputs
[NX Daemon Server] - 2024-08-13T20:01:58.589Z - [WATCHER]: Processing file changes in outputs
[NX Daemon Server] - 2024-08-13T20:01:59.291Z - [WATCHER]: Processing file changes in outputs
[NX Daemon Server] - 2024-08-13T20:01:59.346Z - [WATCHER]: Processing file changes in outputs
[NX Daemon Server] - 2024-08-13T20:01:59.398Z - [WATCHER]: Processing file changes in outputs
Could not run `projectReportAll` task. Ran `projectReport` instead. Please run `nx generate @nx/gradle:init` to generate the necessary tasks.
[NX Daemon Server] - 2024-08-13T20:01:59.731Z - [REQUEST]: Responding to the client. handleHashGlob
[NX Daemon Server] - 2024-08-13T20:01:59.731Z - Done responding to the client handleHashGlob
[NX Daemon Server] - 2024-08-13T20:01:59.731Z - Handled HASH_GLOB. Handling time: 0. Response time: 0.
[NX Daemon Server] - 2024-08-13T20:01:59.732Z - [REQUEST]: Responding to the client. handleHashGlob
[NX Daemon Server] - 2024-08-13T20:01:59.732Z - Done responding to the client handleHashGlob
[NX Daemon Server] - 2024-08-13T20:01:59.732Z - Handled HASH_GLOB. Handling time: 0. Response time: 0.
[NX Daemon Server] - 2024-08-13T20:01:59.733Z - [REQUEST]: Responding to the client. handleHashGlob
[NX Daemon Server] - 2024-08-13T20:01:59.733Z - Done responding to the client handleHashGlob
[NX Daemon Server] - 2024-08-13T20:01:59.733Z - Handled HASH_GLOB. Handling time: 0. Response time: 0.
[NX Daemon Server] - 2024-08-13T20:01:59.734Z - [REQUEST]: Responding to the client. handleHashGlob
[NX Daemon Server] - 2024-08-13T20:01:59.734Z - Done responding to the client handleHashGlob
[NX Daemon Server] - 2024-08-13T20:01:59.734Z - Handled HASH_GLOB. Handling time: 1. Response time: 0.
[NX Daemon Server] - 2024-08-13T20:01:59.734Z - [REQUEST]: Responding to the client. handleHashGlob
[NX Daemon Server] - 2024-08-13T20:01:59.735Z - Done responding to the client handleHashGlob
[NX Daemon Server] - 2024-08-13T20:01:59.735Z - Handled HASH_GLOB. Handling time: 0. Response time: 1.
[NX Daemon Server] - 2024-08-13T20:01:59.738Z - Time taken for 'build-project-configs' 1576.2858749999996ms
[NX Daemon Server] - 2024-08-13T20:01:59.739Z - Time taken for '@nx/gradle:createDependencies' 1.140916999998808ms
[NX Daemon Server] - 2024-08-13T20:01:59.741Z - [SYNC]: collect registered sync generators
[NX Daemon Server] - 2024-08-13T20:01:59.741Z - [SYNC]: project graph hash is the same, not collecting task sync generators
[NX Daemon Server] - 2024-08-13T20:01:59.741Z - [SYNC]: nx.json hash is the same, not collecting global sync generators
[NX Daemon Server] - 2024-08-13T20:01:59.742Z - [SYNC]: scheduling: []
[NX Daemon Server] - 2024-08-13T20:01:59.742Z - Time taken for 'total execution time for createProjectGraph()' 1.8336249999993015ms
[NX Daemon Server] - 2024-08-13T20:02:02.245Z - [WATCHER]: a.json was modified
[NX Daemon Server] - 2024-08-13T20:02:02.245Z - [WATCHER]: Processing file changes in outputs
[NX Daemon Server] - 2024-08-13T20:02:02.645Z - [REQUEST]: Updated workspace context based on watched changes, recomputing project graph...
[NX Daemon Server] - 2024-08-13T20:02:02.645Z - [REQUEST]: a.json
[NX Daemon Server] - 2024-08-13T20:02:02.645Z - [REQUEST]: 
[NX Daemon Server] - 2024-08-13T20:02:02.648Z - [REQUEST]: Responding to the client. handleHashGlob
[NX Daemon Server] - 2024-08-13T20:02:02.648Z - Done responding to the client handleHashGlob
[NX Daemon Server] - 2024-08-13T20:02:02.648Z - Handled HASH_GLOB. Handling time: 0. Response time: 0.
[NX Daemon Server] - 2024-08-13T20:02:02.648Z - Time taken for 'hash changed files from watcher' 0.05666699999710545ms
[NX Daemon Server] - 2024-08-13T20:02:03.018Z - [WATCHER]: Processing file changes in outputs
[NX Daemon Server] - 2024-08-13T20:02:03.084Z - [WATCHER]: Processing file changes in outputs
[NX Daemon Server] - 2024-08-13T20:02:03.788Z - [WATCHER]: Processing file changes in outputs
[NX Daemon Server] - 2024-08-13T20:02:03.849Z - [WATCHER]: Processing file changes in outputs
[NX Daemon Server] - 2024-08-13T20:02:03.901Z - [WATCHER]: Processing file changes in outputs
Could not run `projectReportAll` task. Ran `projectReport` instead. Please run `nx generate @nx/gradle:init` to generate the necessary tasks.
[NX Daemon Server] - 2024-08-13T20:02:04.245Z - [REQUEST]: Responding to the client. handleHashGlob
[NX Daemon Server] - 2024-08-13T20:02:04.245Z - Done responding to the client handleHashGlob
[NX Daemon Server] - 2024-08-13T20:02:04.245Z - Handled HASH_GLOB. Handling time: 0. Response time: 0.
[NX Daemon Server] - 2024-08-13T20:02:04.246Z - [REQUEST]: Responding to the client. handleHashGlob
[NX Daemon Server] - 2024-08-13T20:02:04.246Z - Done responding to the client handleHashGlob
[NX Daemon Server] - 2024-08-13T20:02:04.246Z - Handled HASH_GLOB. Handling time: 1. Response time: 0.
[NX Daemon Server] - 2024-08-13T20:02:04.246Z - [REQUEST]: Responding to the client. handleHashGlob
[NX Daemon Server] - 2024-08-13T20:02:04.246Z - Done responding to the client handleHashGlob
[NX Daemon Server] - 2024-08-13T20:02:04.246Z - Handled HASH_GLOB. Handling time: 0. Response time: 0.
[NX Daemon Server] - 2024-08-13T20:02:04.247Z - [REQUEST]: Responding to the client. handleHashGlob
[NX Daemon Server] - 2024-08-13T20:02:04.247Z - Done responding to the client handleHashGlob
[NX Daemon Server] - 2024-08-13T20:02:04.247Z - Handled HASH_GLOB. Handling time: 0. Response time: 0.
[NX Daemon Server] - 2024-08-13T20:02:04.247Z - [REQUEST]: Responding to the client. handleHashGlob
[NX Daemon Server] - 2024-08-13T20:02:04.247Z - Done responding to the client handleHashGlob
[NX Daemon Server] - 2024-08-13T20:02:04.247Z - Handled HASH_GLOB. Handling time: 0. Response time: 0.
[NX Daemon Server] - 2024-08-13T20:02:04.250Z - Time taken for 'build-project-configs' 1603.147832999999ms
[NX Daemon Server] - 2024-08-13T20:02:04.250Z - Time taken for '@nx/gradle:createDependencies' 0.7821669999975711ms
[NX Daemon Server] - 2024-08-13T20:02:04.252Z - [SYNC]: collect registered sync generators
[NX Daemon Server] - 2024-08-13T20:02:04.252Z - [SYNC]: project graph hash is the same, not collecting task sync generators
[NX Daemon Server] - 2024-08-13T20:02:04.252Z - [SYNC]: nx.json hash is the same, not collecting global sync generators
[NX Daemon Server] - 2024-08-13T20:02:04.252Z - [SYNC]: scheduling: []
[NX Daemon Server] - 2024-08-13T20:02:04.252Z - Time taken for 'total execution time for createProjectGraph()' 1.4659169999977166ms
[NX Daemon Server] - 2024-08-13T20:02:11.426Z - Established a connection. Number of open connections: 2
[NX Daemon Server] - 2024-08-13T20:02:11.427Z - Closed a connection. Number of open connections: 1
[NX Daemon Server] - 2024-08-13T20:02:11.427Z - Established a connection. Number of open connections: 2
[NX Daemon Server] - 2024-08-13T20:02:11.428Z - [REQUEST]: Client Request for Project Graph Received
[NX Daemon Server] - 2024-08-13T20:02:11.428Z - [REQUEST]: Responding to the client. project-graph
[NX Daemon Server] - 2024-08-13T20:02:11.428Z - Time taken for 'total for creating and serializing project graph' 0.11583400000017718ms
[NX Daemon Server] - 2024-08-13T20:02:11.429Z - Done responding to the client project-graph
[NX Daemon Server] - 2024-08-13T20:02:11.429Z - Handled REQUEST_PROJECT_GRAPH. Handling time: 0. Response time: 1.
[NX Daemon Server] - 2024-08-13T20:02:11.456Z - [REQUEST]: Responding to the client. handleHashTasks
[NX Daemon Server] - 2024-08-13T20:02:11.456Z - Done responding to the client handleHashTasks
[NX Daemon Server] - 2024-08-13T20:02:11.456Z - Handled HASH_TASKS. Handling time: 4. Response time: 0.
[NX Daemon Server] - 2024-08-13T20:02:11.490Z - Closed a connection. Number of open connections: 1
[NX Daemon Server] - 2024-08-13T20:02:27.464Z - [WATCHER]: a.json was deleted
[NX Daemon Server] - 2024-08-13T20:02:27.465Z - [WATCHER]: Processing file changes in outputs
[NX Daemon Server] - 2024-08-13T20:02:27.566Z - [REQUEST]: Updated workspace context based on watched changes, recomputing project graph...
[NX Daemon Server] - 2024-08-13T20:02:27.566Z - [REQUEST]: 
[NX Daemon Server] - 2024-08-13T20:02:27.566Z - [REQUEST]: a.json
[NX Daemon Server] - 2024-08-13T20:02:27.568Z - [REQUEST]: Responding to the client. handleHashGlob
[NX Daemon Server] - 2024-08-13T20:02:27.568Z - Done responding to the client handleHashGlob
[NX Daemon Server] - 2024-08-13T20:02:27.568Z - Handled HASH_GLOB. Handling time: 0. Response time: 0.
[NX Daemon Server] - 2024-08-13T20:02:27.569Z - Time taken for 'hash changed files from watcher' 0.040791999999783ms
[NX Daemon Server] - 2024-08-13T20:02:28.038Z - [WATCHER]: Processing file changes in outputs
[NX Daemon Server] - 2024-08-13T20:02:28.893Z - [WATCHER]: Processing file changes in outputs
[NX Daemon Server] - 2024-08-13T20:02:28.950Z - [WATCHER]: Processing file changes in outputs
[NX Daemon Server] - 2024-08-13T20:02:29.002Z - [WATCHER]: Processing file changes in outputs
Could not run `projectReportAll` task. Ran `projectReport` instead. Please run `nx generate @nx/gradle:init` to generate the necessary tasks.
[NX Daemon Server] - 2024-08-13T20:02:29.346Z - [REQUEST]: Responding to the client. handleHashGlob
[NX Daemon Server] - 2024-08-13T20:02:29.346Z - Done responding to the client handleHashGlob
[NX Daemon Server] - 2024-08-13T20:02:29.346Z - Handled HASH_GLOB. Handling time: 0. Response time: 0.
[NX Daemon Server] - 2024-08-13T20:02:29.347Z - [REQUEST]: Responding to the client. handleHashGlob
[NX Daemon Server] - 2024-08-13T20:02:29.347Z - Done responding to the client handleHashGlob
[NX Daemon Server] - 2024-08-13T20:02:29.347Z - Handled HASH_GLOB. Handling time: 1. Response time: 0.
[NX Daemon Server] - 2024-08-13T20:02:29.347Z - [REQUEST]: Responding to the client. handleHashGlob
[NX Daemon Server] - 2024-08-13T20:02:29.347Z - Done responding to the client handleHashGlob
[NX Daemon Server] - 2024-08-13T20:02:29.347Z - Handled HASH_GLOB. Handling time: 0. Response time: 0.
[NX Daemon Server] - 2024-08-13T20:02:29.348Z - [REQUEST]: Responding to the client. handleHashGlob
[NX Daemon Server] - 2024-08-13T20:02:29.348Z - Done responding to the client handleHashGlob
[NX Daemon Server] - 2024-08-13T20:02:29.348Z - Handled HASH_GLOB. Handling time: 1. Response time: 0.
[NX Daemon Server] - 2024-08-13T20:02:29.348Z - [REQUEST]: Responding to the client. handleHashGlob
[NX Daemon Server] - 2024-08-13T20:02:29.348Z - Done responding to the client handleHashGlob
[NX Daemon Server] - 2024-08-13T20:02:29.349Z - Handled HASH_GLOB. Handling time: 0. Response time: 1.
[NX Daemon Server] - 2024-08-13T20:02:29.351Z - Time taken for 'build-project-configs' 1783.2173330000005ms
[NX Daemon Server] - 2024-08-13T20:02:29.351Z - Time taken for '@nx/gradle:createDependencies' 0.6621249999952852ms
[NX Daemon Server] - 2024-08-13T20:02:29.353Z - [SYNC]: collect registered sync generators
[NX Daemon Server] - 2024-08-13T20:02:29.353Z - [SYNC]: project graph hash is the same, not collecting task sync generators
[NX Daemon Server] - 2024-08-13T20:02:29.353Z - [SYNC]: nx.json hash is the same, not collecting global sync generators
[NX Daemon Server] - 2024-08-13T20:02:29.353Z - [SYNC]: scheduling: []
[NX Daemon Server] - 2024-08-13T20:02:29.353Z - Time taken for 'total execution time for createProjectGraph()' 1.2961660000000848ms
[NX Daemon Server] - 2024-08-13T20:03:36.661Z - [WATCHER]: .github/workflows/ci.yml was modified
[NX Daemon Server] - 2024-08-13T20:03:36.661Z - [WATCHER]: Processing file changes in outputs
[NX Daemon Server] - 2024-08-13T20:03:36.862Z - [REQUEST]: Updated workspace context based on watched changes, recomputing project graph...
[NX Daemon Server] - 2024-08-13T20:03:36.863Z - [REQUEST]: .github/workflows/ci.yml
[NX Daemon Server] - 2024-08-13T20:03:36.863Z - [REQUEST]: 
[NX Daemon Server] - 2024-08-13T20:03:36.865Z - Time taken for 'hash changed files from watcher' 0.0610000000015134ms
[NX Daemon Server] - 2024-08-13T20:03:36.866Z - [REQUEST]: Responding to the client. handleHashGlob
[NX Daemon Server] - 2024-08-13T20:03:36.866Z - Done responding to the client handleHashGlob
[NX Daemon Server] - 2024-08-13T20:03:36.866Z - Handled HASH_GLOB. Handling time: 1. Response time: 0.
[NX Daemon Server] - 2024-08-13T20:03:36.940Z - [WATCHER]: Processing file changes in outputs
[NX Daemon Server] - 2024-08-13T20:03:36.941Z - [WATCHER]: .github/workflows/ci.yml was modified
[NX Daemon Server] - 2024-08-13T20:03:37.291Z - [WATCHER]: Processing file changes in outputs
[NX Daemon Server] - 2024-08-13T20:03:37.341Z - [REQUEST]: Updated workspace context based on watched changes, recomputing project graph...
[NX Daemon Server] - 2024-08-13T20:03:37.341Z - [REQUEST]: .github/workflows/ci.yml
[NX Daemon Server] - 2024-08-13T20:03:37.341Z - [REQUEST]: 
[NX Daemon Server] - 2024-08-13T20:03:37.343Z - [REQUEST]: Responding to the client. handleHashGlob
[NX Daemon Server] - 2024-08-13T20:03:37.343Z - Done responding to the client handleHashGlob
[NX Daemon Server] - 2024-08-13T20:03:37.343Z - Handled HASH_GLOB. Handling time: 0. Response time: 0.
[NX Daemon Server] - 2024-08-13T20:03:37.344Z - Time taken for 'hash changed files from watcher' 0.05758399999467656ms
[NX Daemon Server] - 2024-08-13T20:03:37.718Z - [WATCHER]: Processing file changes in outputs
[NX Daemon Server] - 2024-08-13T20:03:37.777Z - [WATCHER]: Processing file changes in outputs
[NX Daemon Server] - 2024-08-13T20:03:38.025Z - [WATCHER]: Processing file changes in outputs
[NX Daemon Server] - 2024-08-13T20:03:38.091Z - [WATCHER]: Processing file changes in outputs
[NX Daemon Server] - 2024-08-13T20:03:38.155Z - [WATCHER]: Processing file changes in outputs
[NX Daemon Server] - 2024-08-13T20:03:38.512Z - [WATCHER]: Processing file changes in outputs
Could not run `projectReportAll` task. Ran `projectReport` instead. Please run `nx generate @nx/gradle:init` to generate the necessary tasks.
[NX Daemon Server] - 2024-08-13T20:03:38.523Z - [REQUEST]: Responding to the client. handleHashGlob
[NX Daemon Server] - 2024-08-13T20:03:38.523Z - Done responding to the client handleHashGlob
[NX Daemon Server] - 2024-08-13T20:03:38.523Z - Handled HASH_GLOB. Handling time: 0. Response time: 0.
[NX Daemon Server] - 2024-08-13T20:03:38.524Z - [REQUEST]: Responding to the client. handleHashGlob
[NX Daemon Server] - 2024-08-13T20:03:38.524Z - Done responding to the client handleHashGlob
[NX Daemon Server] - 2024-08-13T20:03:38.524Z - Handled HASH_GLOB. Handling time: 1. Response time: 0.
[NX Daemon Server] - 2024-08-13T20:03:38.525Z - [REQUEST]: Responding to the client. handleHashGlob
[NX Daemon Server] - 2024-08-13T20:03:38.525Z - Done responding to the client handleHashGlob
[NX Daemon Server] - 2024-08-13T20:03:38.525Z - Handled HASH_GLOB. Handling time: 0. Response time: 0.
[NX Daemon Server] - 2024-08-13T20:03:38.525Z - [REQUEST]: Responding to the client. handleHashGlob
[NX Daemon Server] - 2024-08-13T20:03:38.525Z - Done responding to the client handleHashGlob
[NX Daemon Server] - 2024-08-13T20:03:38.526Z - Handled HASH_GLOB. Handling time: 0. Response time: 1.
[NX Daemon Server] - 2024-08-13T20:03:38.526Z - [REQUEST]: Responding to the client. handleHashGlob
[NX Daemon Server] - 2024-08-13T20:03:38.526Z - Done responding to the client handleHashGlob
[NX Daemon Server] - 2024-08-13T20:03:38.526Z - Handled HASH_GLOB. Handling time: 0. Response time: 0.
[NX Daemon Server] - 2024-08-13T20:03:38.529Z - Time taken for 'build-project-configs' 1186.2218330000032ms
[NX Daemon Server] - 2024-08-13T20:03:38.530Z - Time taken for 'nx/js/dependencies-and-lockfile:createDependencies' 1.1055830000113929ms
[NX Daemon Server] - 2024-08-13T20:03:38.532Z - [SYNC]: collect registered sync generators
[NX Daemon Server] - 2024-08-13T20:03:38.532Z - [SYNC]: project graph hash is the same, not collecting task sync generators
[NX Daemon Server] - 2024-08-13T20:03:38.532Z - [SYNC]: nx.json hash is the same, not collecting global sync generators
[NX Daemon Server] - 2024-08-13T20:03:38.532Z - [SYNC]: scheduling: []
[NX Daemon Server] - 2024-08-13T20:03:38.532Z - Time taken for 'total execution time for createProjectGraph()' 1.8214589999988675ms
[NX Daemon Server] - 2024-08-13T20:03:38.563Z - [WATCHER]: Processing file changes in outputs
[NX Daemon Server] - 2024-08-13T20:03:38.622Z - [WATCHER]: Processing file changes in outputs
Could not run `projectReportAll` task. Ran `projectReport` instead. Please run `nx generate @nx/gradle:init` to generate the necessary tasks.
[NX Daemon Server] - 2024-08-13T20:03:38.961Z - [REQUEST]: Responding to the client. handleHashGlob
[NX Daemon Server] - 2024-08-13T20:03:38.962Z - Done responding to the client handleHashGlob
[NX Daemon Server] - 2024-08-13T20:03:38.962Z - Handled HASH_GLOB. Handling time: 0. Response time: 1.
[NX Daemon Server] - 2024-08-13T20:03:38.962Z - [REQUEST]: Responding to the client. handleHashGlob
[NX Daemon Server] - 2024-08-13T20:03:38.962Z - Done responding to the client handleHashGlob
[NX Daemon Server] - 2024-08-13T20:03:38.962Z - Handled HASH_GLOB. Handling time: 0. Response time: 0.
[NX Daemon Server] - 2024-08-13T20:03:38.963Z - [REQUEST]: Responding to the client. handleHashGlob
[NX Daemon Server] - 2024-08-13T20:03:38.963Z - Done responding to the client handleHashGlob
[NX Daemon Server] - 2024-08-13T20:03:38.963Z - Handled HASH_GLOB. Handling time: 1. Response time: 0.
[NX Daemon Server] - 2024-08-13T20:03:38.963Z - [REQUEST]: Responding to the client. handleHashGlob
[NX Daemon Server] - 2024-08-13T20:03:38.963Z - Done responding to the client handleHashGlob
[NX Daemon Server] - 2024-08-13T20:03:38.963Z - Handled HASH_GLOB. Handling time: 0. Response time: 0.
[NX Daemon Server] - 2024-08-13T20:03:38.963Z - [REQUEST]: Responding to the client. handleHashGlob
[NX Daemon Server] - 2024-08-13T20:03:38.963Z - Done responding to the client handleHashGlob
[NX Daemon Server] - 2024-08-13T20:03:38.963Z - Handled HASH_GLOB. Handling time: 0. Response time: 0.
[NX Daemon Server] - 2024-08-13T20:03:38.966Z - Time taken for 'build-project-configs' 1623.3890830000018ms
[NX Daemon Server] - 2024-08-13T20:03:38.967Z - Time taken for '@nx/gradle:createDependencies' 1.679999999993015ms
[NX Daemon Server] - 2024-08-13T20:03:38.969Z - [SYNC]: collect registered sync generators
[NX Daemon Server] - 2024-08-13T20:03:38.969Z - [SYNC]: project graph hash is the same, not collecting task sync generators
[NX Daemon Server] - 2024-08-13T20:03:38.969Z - [SYNC]: nx.json hash is the same, not collecting global sync generators
[NX Daemon Server] - 2024-08-13T20:03:38.969Z - [SYNC]: scheduling: []
[NX Daemon Server] - 2024-08-13T20:03:38.969Z - Time taken for 'total execution time for createProjectGraph()' 2.2477919999946607ms
[NX Daemon Server] - 2024-08-13T20:03:40.501Z - [WATCHER]: .github/workflows/ci.yml was modified
[NX Daemon Server] - 2024-08-13T20:03:40.501Z - [WATCHER]: Processing file changes in outputs
[NX Daemon Server] - 2024-08-13T20:03:41.303Z - [REQUEST]: Updated workspace context based on watched changes, recomputing project graph...
[NX Daemon Server] - 2024-08-13T20:03:41.303Z - [REQUEST]: .github/workflows/ci.yml
[NX Daemon Server] - 2024-08-13T20:03:41.303Z - [REQUEST]: 
[NX Daemon Server] - 2024-08-13T20:03:41.305Z - [REQUEST]: Responding to the client. handleHashGlob
[NX Daemon Server] - 2024-08-13T20:03:41.306Z - Done responding to the client handleHashGlob
[NX Daemon Server] - 2024-08-13T20:03:41.306Z - Handled HASH_GLOB. Handling time: 0. Response time: 1.
[NX Daemon Server] - 2024-08-13T20:03:41.306Z - Time taken for 'hash changed files from watcher' 0.05995799999800511ms
[NX Daemon Server] - 2024-08-13T20:03:41.722Z - [WATCHER]: Processing file changes in outputs
[NX Daemon Server] - 2024-08-13T20:03:41.779Z - [WATCHER]: Processing file changes in outputs
[NX Daemon Server] - 2024-08-13T20:03:42.499Z - [WATCHER]: Processing file changes in outputs
[NX Daemon Server] - 2024-08-13T20:03:42.552Z - [WATCHER]: Processing file changes in outputs
[NX Daemon Server] - 2024-08-13T20:03:42.604Z - [WATCHER]: Processing file changes in outputs
Could not run `projectReportAll` task. Ran `projectReport` instead. Please run `nx generate @nx/gradle:init` to generate the necessary tasks.
[NX Daemon Server] - 2024-08-13T20:03:42.929Z - [REQUEST]: Responding to the client. handleHashGlob
[NX Daemon Server] - 2024-08-13T20:03:42.929Z - Done responding to the client handleHashGlob
[NX Daemon Server] - 2024-08-13T20:03:42.929Z - Handled HASH_GLOB. Handling time: 1. Response time: 0.
[NX Daemon Server] - 2024-08-13T20:03:42.929Z - [REQUEST]: Responding to the client. handleHashGlob
[NX Daemon Server] - 2024-08-13T20:03:42.929Z - Done responding to the client handleHashGlob
[NX Daemon Server] - 2024-08-13T20:03:42.929Z - Handled HASH_GLOB. Handling time: 0. Response time: 0.
[NX Daemon Server] - 2024-08-13T20:03:42.930Z - [REQUEST]: Responding to the client. handleHashGlob
[NX Daemon Server] - 2024-08-13T20:03:42.930Z - Done responding to the client handleHashGlob
[NX Daemon Server] - 2024-08-13T20:03:42.930Z - Handled HASH_GLOB. Handling time: 1. Response time: 0.
[NX Daemon Server] - 2024-08-13T20:03:42.930Z - [REQUEST]: Responding to the client. handleHashGlob
[NX Daemon Server] - 2024-08-13T20:03:42.930Z - Done responding to the client handleHashGlob
[NX Daemon Server] - 2024-08-13T20:03:42.930Z - Handled HASH_GLOB. Handling time: 0. Response time: 0.
[NX Daemon Server] - 2024-08-13T20:03:42.931Z - [REQUEST]: Responding to the client. handleHashGlob
[NX Daemon Server] - 2024-08-13T20:03:42.931Z - Done responding to the client handleHashGlob
[NX Daemon Server] - 2024-08-13T20:03:42.931Z - Handled HASH_GLOB. Handling time: 1. Response time: 0.
[NX Daemon Server] - 2024-08-13T20:03:42.933Z - Time taken for 'build-project-configs' 1628.594459ms
[NX Daemon Server] - 2024-08-13T20:03:42.934Z - Time taken for '@nx/gradle:createDependencies' 0.8682919999992009ms
[NX Daemon Server] - 2024-08-13T20:03:42.936Z - [SYNC]: collect registered sync generators
[NX Daemon Server] - 2024-08-13T20:03:42.936Z - [SYNC]: project graph hash is the same, not collecting task sync generators
[NX Daemon Server] - 2024-08-13T20:03:42.936Z - [SYNC]: nx.json hash is the same, not collecting global sync generators
[NX Daemon Server] - 2024-08-13T20:03:42.936Z - [SYNC]: scheduling: []
[NX Daemon Server] - 2024-08-13T20:03:42.936Z - Time taken for 'total execution time for createProjectGraph()' 1.4860420000040904ms
[NX Daemon Server] - 2024-08-13T20:03:53.620Z - [WATCHER]: .github/workflows/ci.yml was modified
[NX Daemon Server] - 2024-08-13T20:03:53.621Z - [WATCHER]: Processing file changes in outputs
[NX Daemon Server] - 2024-08-13T20:03:55.222Z - [REQUEST]: Updated workspace context based on watched changes, recomputing project graph...
[NX Daemon Server] - 2024-08-13T20:03:55.222Z - [REQUEST]: .github/workflows/ci.yml
[NX Daemon Server] - 2024-08-13T20:03:55.222Z - [REQUEST]: 
[NX Daemon Server] - 2024-08-13T20:03:55.224Z - [REQUEST]: Responding to the client. handleHashGlob
[NX Daemon Server] - 2024-08-13T20:03:55.224Z - Done responding to the client handleHashGlob
[NX Daemon Server] - 2024-08-13T20:03:55.224Z - Handled HASH_GLOB. Handling time: 0. Response time: 0.
[NX Daemon Server] - 2024-08-13T20:03:55.224Z - Time taken for 'hash changed files from watcher' 0.06470899999840185ms
[NX Daemon Server] - 2024-08-13T20:03:55.624Z - [WATCHER]: Processing file changes in outputs
[NX Daemon Server] - 2024-08-13T20:03:56.330Z - [WATCHER]: Processing file changes in outputs
[NX Daemon Server] - 2024-08-13T20:03:56.387Z - [WATCHER]: Processing file changes in outputs
[NX Daemon Server] - 2024-08-13T20:03:56.439Z - [WATCHER]: Processing file changes in outputs
Could not run `projectReportAll` task. Ran `projectReport` instead. Please run `nx generate @nx/gradle:init` to generate the necessary tasks.
[NX Daemon Server] - 2024-08-13T20:03:56.779Z - [REQUEST]: Responding to the client. handleHashGlob
[NX Daemon Server] - 2024-08-13T20:03:56.780Z - Done responding to the client handleHashGlob
[NX Daemon Server] - 2024-08-13T20:03:56.780Z - Handled HASH_GLOB. Handling time: 0. Response time: 1.
[NX Daemon Server] - 2024-08-13T20:03:56.780Z - [REQUEST]: Responding to the client. handleHashGlob
[NX Daemon Server] - 2024-08-13T20:03:56.780Z - Done responding to the client handleHashGlob
[NX Daemon Server] - 2024-08-13T20:03:56.780Z - Handled HASH_GLOB. Handling time: 0. Response time: 0.
[NX Daemon Server] - 2024-08-13T20:03:56.781Z - [REQUEST]: Responding to the client. handleHashGlob
[NX Daemon Server] - 2024-08-13T20:03:56.781Z - Done responding to the client handleHashGlob
[NX Daemon Server] - 2024-08-13T20:03:56.781Z - Handled HASH_GLOB. Handling time: 1. Response time: 0.
[NX Daemon Server] - 2024-08-13T20:03:56.782Z - [REQUEST]: Responding to the client. handleHashGlob
[NX Daemon Server] - 2024-08-13T20:03:56.782Z - Done responding to the client handleHashGlob
[NX Daemon Server] - 2024-08-13T20:03:56.782Z - Handled HASH_GLOB. Handling time: 1. Response time: 0.
[NX Daemon Server] - 2024-08-13T20:03:56.782Z - [REQUEST]: Responding to the client. handleHashGlob
[NX Daemon Server] - 2024-08-13T20:03:56.782Z - Done responding to the client handleHashGlob
[NX Daemon Server] - 2024-08-13T20:03:56.782Z - Handled HASH_GLOB. Handling time: 0. Response time: 0.
[NX Daemon Server] - 2024-08-13T20:03:56.784Z - Time taken for 'build-project-configs' 1561.0370829999883ms
[NX Daemon Server] - 2024-08-13T20:03:56.785Z - Time taken for '@nx/gradle:createDependencies' 0.7648749999934807ms
[NX Daemon Server] - 2024-08-13T20:03:56.786Z - [SYNC]: collect registered sync generators
[NX Daemon Server] - 2024-08-13T20:03:56.787Z - [SYNC]: project graph hash is the same, not collecting task sync generators
[NX Daemon Server] - 2024-08-13T20:03:56.787Z - [SYNC]: nx.json hash is the same, not collecting global sync generators
[NX Daemon Server] - 2024-08-13T20:03:56.787Z - [SYNC]: scheduling: []
[NX Daemon Server] - 2024-08-13T20:03:56.787Z - Time taken for 'total execution time for createProjectGraph()' 1.2534579999919515ms
[NX Daemon Server] - 2024-08-13T20:03:57.639Z - [WATCHER]: .github/workflows/ci.yml was modified
[NX Daemon Server] - 2024-08-13T20:03:57.639Z - [WATCHER]: Processing file changes in outputs
[NX Daemon Server] - 2024-08-13T20:03:57.878Z - [WATCHER]: .github/workflows/ci.yml was modified
[NX Daemon Server] - 2024-08-13T20:03:57.878Z - [WATCHER]: Processing file changes in outputs
[NX Daemon Server] - 2024-08-13T20:04:00.840Z - [REQUEST]: Updated workspace context based on watched changes, recomputing project graph...
[NX Daemon Server] - 2024-08-13T20:04:00.841Z - [REQUEST]: .github/workflows/ci.yml
[NX Daemon Server] - 2024-08-13T20:04:00.841Z - [REQUEST]: 
[NX Daemon Server] - 2024-08-13T20:04:00.843Z - [REQUEST]: Responding to the client. handleHashGlob
[NX Daemon Server] - 2024-08-13T20:04:00.843Z - Done responding to the client handleHashGlob
[NX Daemon Server] - 2024-08-13T20:04:00.843Z - Handled HASH_GLOB. Handling time: 0. Response time: 0.
[NX Daemon Server] - 2024-08-13T20:04:00.843Z - Time taken for 'hash changed files from watcher' 0.07804100000066683ms
[NX Daemon Server] - 2024-08-13T20:04:01.234Z - [WATCHER]: Processing file changes in outputs
[NX Daemon Server] - 2024-08-13T20:04:01.288Z - [WATCHER]: Processing file changes in outputs
[NX Daemon Server] - 2024-08-13T20:04:02.055Z - [WATCHER]: Processing file changes in outputs
[NX Daemon Server] - 2024-08-13T20:04:02.108Z - [WATCHER]: Processing file changes in outputs
[NX Daemon Server] - 2024-08-13T20:04:02.160Z - [WATCHER]: Processing file changes in outputs
Could not run `projectReportAll` task. Ran `projectReport` instead. Please run `nx generate @nx/gradle:init` to generate the necessary tasks.
[NX Daemon Server] - 2024-08-13T20:04:02.502Z - [REQUEST]: Responding to the client. handleHashGlob
[NX Daemon Server] - 2024-08-13T20:04:02.502Z - Done responding to the client handleHashGlob
[NX Daemon Server] - 2024-08-13T20:04:02.502Z - Handled HASH_GLOB. Handling time: 1. Response time: 0.
[NX Daemon Server] - 2024-08-13T20:04:02.502Z - [REQUEST]: Responding to the client. handleHashGlob
[NX Daemon Server] - 2024-08-13T20:04:02.502Z - Done responding to the client handleHashGlob
[NX Daemon Server] - 2024-08-13T20:04:02.503Z - Handled HASH_GLOB. Handling time: 0. Response time: 1.
[NX Daemon Server] - 2024-08-13T20:04:02.503Z - [REQUEST]: Responding to the client. handleHashGlob
[NX Daemon Server] - 2024-08-13T20:04:02.503Z - Done responding to the client handleHashGlob
[NX Daemon Server] - 2024-08-13T20:04:02.503Z - Handled HASH_GLOB. Handling time: 0. Response time: 0.
[NX Daemon Server] - 2024-08-13T20:04:02.504Z - [REQUEST]: Responding to the client. handleHashGlob
[NX Daemon Server] - 2024-08-13T20:04:02.504Z - Done responding to the client handleHashGlob
[NX Daemon Server] - 2024-08-13T20:04:02.504Z - Handled HASH_GLOB. Handling time: 1. Response time: 0.
[NX Daemon Server] - 2024-08-13T20:04:02.504Z - [REQUEST]: Responding to the client. handleHashGlob
[NX Daemon Server] - 2024-08-13T20:04:02.504Z - Done responding to the client handleHashGlob
[NX Daemon Server] - 2024-08-13T20:04:02.504Z - Handled HASH_GLOB. Handling time: 0. Response time: 0.
[NX Daemon Server] - 2024-08-13T20:04:02.507Z - Time taken for 'build-project-configs' 1664.7695419999945ms
[NX Daemon Server] - 2024-08-13T20:04:02.507Z - Time taken for '@nx/gradle:createDependencies' 0.7532090000167955ms
[NX Daemon Server] - 2024-08-13T20:04:02.509Z - [SYNC]: collect registered sync generators
[NX Daemon Server] - 2024-08-13T20:04:02.509Z - [SYNC]: project graph hash is the same, not collecting task sync generators
[NX Daemon Server] - 2024-08-13T20:04:02.509Z - [SYNC]: nx.json hash is the same, not collecting global sync generators
[NX Daemon Server] - 2024-08-13T20:04:02.509Z - [SYNC]: scheduling: []
[NX Daemon Server] - 2024-08-13T20:04:02.509Z - Time taken for 'total execution time for createProjectGraph()' 1.5146250000107102ms
